ARM GAS  C:\Users\wenzelj\AppData\Local\Temp\ccwEVDai.s 			page 1


   1              		.syntax unified
   2              		.cpu cortex-m3
   3              		.fpu softvfp
   4              		.eabi_attribute 20, 1
   5              		.eabi_attribute 21, 1
   6              		.eabi_attribute 23, 3
   7              		.eabi_attribute 24, 1
   8              		.eabi_attribute 25, 1
   9              		.eabi_attribute 26, 1
  10              		.eabi_attribute 30, 1
  11              		.eabi_attribute 34, 1
  12              		.eabi_attribute 18, 4
  13              		.thumb
  14              		.syntax unified
  15              		.file	"cymetadata.c"
  16              		.text
  17              	.Ltext0:
  18              		.cfi_sections	.debug_frame
  19              		.global	cy_metadata
  20              		.global	cy_meta_flashprotect
  21              		.global	cy_meta_wonvl
  22              		.global	cy_meta_custnvl
  23              		.global	cy_meta_configecc
  24              		.section	.cyconfigecc,"a",%progbits
  25              		.align	2
  26              		.type	cy_meta_configecc, %object
  27              		.size	cy_meta_configecc, 144
  28              	cy_meta_configecc:
  29 0000 01       		.byte	1
  30 0001 45       		.byte	69
  31 0002 00       		.byte	0
  32 0003 40       		.byte	64
  33 0004 01       		.byte	1
  34 0005 52       		.byte	82
  35 0006 00       		.byte	0
  36 0007 40       		.byte	64
  37 0008 02       		.byte	2
  38 0009 17       		.byte	23
  39 000a 01       		.byte	1
  40 000b 40       		.byte	64
  41 000c 02       		.byte	2
  42 000d 19       		.byte	25
  43 000e 01       		.byte	1
  44 000f 40       		.byte	64
  45 0010 03       		.byte	3
  46 0011 40       		.byte	64
  47 0012 01       		.byte	1
  48 0013 40       		.byte	64
  49 0014 03       		.byte	3
  50 0015 41       		.byte	65
  51 0016 01       		.byte	1
  52 0017 40       		.byte	64
  53 0018 03       		.byte	3
  54 0019 42       		.byte	66
  55 001a 01       		.byte	1
  56 001b 40       		.byte	64
  57 001c 03       		.byte	3
ARM GAS  C:\Users\wenzelj\AppData\Local\Temp\ccwEVDai.s 			page 2


  58 001d 43       		.byte	67
  59 001e 01       		.byte	1
  60 001f 40       		.byte	64
  61 0020 04       		.byte	4
  62 0021 47       		.byte	71
  63 0022 01       		.byte	1
  64 0023 40       		.byte	64
  65 0024 04       		.byte	4
  66 0025 48       		.byte	72
  67 0026 01       		.byte	1
  68 0027 40       		.byte	64
  69 0028 02       		.byte	2
  70 0029 4C       		.byte	76
  71 002a 01       		.byte	1
  72 002b 40       		.byte	64
  73 002c 01       		.byte	1
  74 002d 51       		.byte	81
  75 002e 01       		.byte	1
  76 002f 40       		.byte	64
  77 0030 7E       		.byte	126
  78 0031 02       		.byte	2
  79 0032 7C       		.byte	124
  80 0033 40       		.byte	64
  81 0034 EA       		.byte	-22
  82 0035 02       		.byte	2
  83 0036 EE       		.byte	-18
  84 0037 0A       		.byte	10
  85 0038 EA       		.byte	-22
  86 0039 02       		.byte	2
  87 003a EE       		.byte	-18
  88 003b 0A       		.byte	10
  89 003c 33       		.byte	51
  90 003d 81       		.byte	-127
  91 003e 36       		.byte	54
  92 003f 40       		.byte	64
  93 0040 CC       		.byte	-52
  94 0041 70       		.byte	112
  95 0042 9F       		.byte	-97
  96 0043 01       		.byte	1
  97 0044 A6       		.byte	-90
  98 0045 40       		.byte	64
  99 0046 A7       		.byte	-89
 100 0047 80       		.byte	-128
 101 0048 9F       		.byte	-97
 102 0049 01       		.byte	1
 103 004a A6       		.byte	-90
 104 004b 40       		.byte	64
 105 004c A7       		.byte	-89
 106 004d 80       		.byte	-128
 107 004e 9F       		.byte	-97
 108 004f 01       		.byte	1
 109 0050 A6       		.byte	-90
 110 0051 40       		.byte	64
 111 0052 A7       		.byte	-89
 112 0053 80       		.byte	-128
 113 0054 08       		.byte	8
 114 0055 08       		.byte	8
ARM GAS  C:\Users\wenzelj\AppData\Local\Temp\ccwEVDai.s 			page 3


 115 0056 0B       		.byte	11
 116 0057 04       		.byte	4
 117 0058 0F       		.byte	15
 118 0059 40       		.byte	64
 119 005a C2       		.byte	-62
 120 005b 0E       		.byte	14
 121 005c AE       		.byte	-82
 122 005d 40       		.byte	64
 123 005e AF       		.byte	-81
 124 005f 81       		.byte	-127
 125 0060 EA       		.byte	-22
 126 0061 40       		.byte	64
 127 0062 EE       		.byte	-18
 128 0063 50       		.byte	80
 129 0064 AC       		.byte	-84
 130 0065 08       		.byte	8
 131 0066 AF       		.byte	-81
 132 0067 44       		.byte	68
 133 0068 00       		.byte	0
 134 0069 2A       		.byte	42
 135 006a 00       		.byte	0
 136 006b 00       		.byte	0
 137 006c 00       		.byte	0
 138 006d 80       		.byte	-128
 139 006e 80       		.byte	-128
 140 006f 00       		.byte	0
 141 0070 00       		.byte	0
 142 0071 00       		.byte	0
 143 0072 80       		.byte	-128
 144 0073 00       		.byte	0
 145 0074 40       		.byte	64
 146 0075 00       		.byte	0
 147 0076 00       		.byte	0
 148 0077 00       		.byte	0
 149 0078 00       		.byte	0
 150 0079 00       		.byte	0
 151 007a 00       		.byte	0
 152 007b 00       		.byte	0
 153 007c C0       		.byte	-64
 154 007d 00       		.byte	0
 155 007e 00       		.byte	0
 156 007f 00       		.byte	0
 157 0080 00       		.byte	0
 158 0081 0B       		.byte	11
 159 0082 0B       		.byte	11
 160 0083 00       		.byte	0
 161 0084 00       		.byte	0
 162 0085 00       		.byte	0
 163 0086 00       		.byte	0
 164 0087 00       		.byte	0
 165 0088 00       		.byte	0
 166 0089 7F       		.byte	127
 167 008a 7F       		.byte	127
 168 008b 00       		.byte	0
 169 008c 00       		.byte	0
 170 008d 00       		.byte	0
 171 008e 00       		.byte	0
ARM GAS  C:\Users\wenzelj\AppData\Local\Temp\ccwEVDai.s 			page 4


 172 008f 00       		.byte	0
 173              		.section	.cywolatch,"a",%progbits
 174              		.align	2
 175              		.type	cy_meta_wonvl, %object
 176              		.size	cy_meta_wonvl, 4
 177              	cy_meta_wonvl:
 178 0000 BC       		.byte	-68
 179 0001 90       		.byte	-112
 180 0002 AC       		.byte	-84
 181 0003 AF       		.byte	-81
 182              		.section	.cycustnvl,"a",%progbits
 183              		.align	2
 184              		.type	cy_meta_custnvl, %object
 185              		.size	cy_meta_custnvl, 4
 186              	cy_meta_custnvl:
 187 0000 00       		.byte	0
 188 0001 00       		.byte	0
 189 0002 40       		.byte	64
 190 0003 05       		.byte	5
 191              		.section	.cymeta,"a",%progbits
 192              		.align	2
 193              		.type	cy_metadata, %object
 194              		.size	cy_metadata, 12
 195              	cy_metadata:
 196 0000 00       		.byte	0
 197 0001 01       		.byte	1
 198 0002 2E       		.byte	46
 199 0003 12       		.byte	18
 200 0004 30       		.byte	48
 201 0005 69       		.byte	105
 202 0006 00       		.byte	0
 203 0007 01       		.byte	1
 204 0008 00       		.byte	0
 205 0009 00       		.byte	0
 206 000a 00       		.byte	0
 207 000b 00       		.byte	0
 208              		.section	.cyflashprotect,"a",%progbits
 209              		.align	2
 210              		.type	cy_meta_flashprotect, %object
 211              		.size	cy_meta_flashprotect, 256
 212              	cy_meta_flashprotect:
 213 0000 00000000 		.space	256
 213      00000000 
 213      00000000 
 213      00000000 
 213      00000000 
 214              		.text
 215              	.Letext0:
 216              		.file 1 "c:\\program files (x86)\\cypress\\psoc creator\\4.1\\psoc creator\\import\\gnu\\arm\\5.4.
 217              		.file 2 "c:\\program files (x86)\\cypress\\psoc creator\\4.1\\psoc creator\\import\\gnu\\arm\\5.4.
 218              		.file 3 "Generated_Source\\PSoC5\\cymetadata.c"
 219              		.section	.debug_info,"",%progbits
 220              	.Ldebug_info0:
 221 0000 30010000 		.4byte	0x130
 222 0004 0400     		.2byte	0x4
 223 0006 00000000 		.4byte	.Ldebug_abbrev0
 224 000a 04       		.byte	0x4
ARM GAS  C:\Users\wenzelj\AppData\Local\Temp\ccwEVDai.s 			page 5


 225 000b 01       		.uleb128 0x1
 226 000c 67000000 		.4byte	.LASF17
 227 0010 0C       		.byte	0xc
 228 0011 C1010000 		.4byte	.LASF18
 229 0015 16000000 		.4byte	.LASF19
 230 0019 00000000 		.4byte	.Ldebug_line0
 231 001d 02       		.uleb128 0x2
 232 001e 01       		.byte	0x1
 233 001f 06       		.byte	0x6
 234 0020 B5010000 		.4byte	.LASF0
 235 0024 03       		.uleb128 0x3
 236 0025 0C000000 		.4byte	.LASF9
 237 0029 01       		.byte	0x1
 238 002a 1D       		.byte	0x1d
 239 002b 2F000000 		.4byte	0x2f
 240 002f 02       		.uleb128 0x2
 241 0030 01       		.byte	0x1
 242 0031 08       		.byte	0x8
 243 0032 59000000 		.4byte	.LASF1
 244 0036 02       		.uleb128 0x2
 245 0037 02       		.byte	0x2
 246 0038 05       		.byte	0x5
 247 0039 A2010000 		.4byte	.LASF2
 248 003d 02       		.uleb128 0x2
 249 003e 02       		.byte	0x2
 250 003f 07       		.byte	0x7
 251 0040 07010000 		.4byte	.LASF3
 252 0044 02       		.uleb128 0x2
 253 0045 04       		.byte	0x4
 254 0046 05       		.byte	0x5
 255 0047 AC010000 		.4byte	.LASF4
 256 004b 02       		.uleb128 0x2
 257 004c 04       		.byte	0x4
 258 004d 07       		.byte	0x7
 259 004e F5000000 		.4byte	.LASF5
 260 0052 02       		.uleb128 0x2
 261 0053 08       		.byte	0x8
 262 0054 05       		.byte	0x5
 263 0055 94010000 		.4byte	.LASF6
 264 0059 02       		.uleb128 0x2
 265 005a 08       		.byte	0x8
 266 005b 07       		.byte	0x7
 267 005c 49010000 		.4byte	.LASF7
 268 0060 04       		.uleb128 0x4
 269 0061 04       		.byte	0x4
 270 0062 05       		.byte	0x5
 271 0063 696E7400 		.ascii	"int\000"
 272 0067 02       		.uleb128 0x2
 273 0068 04       		.byte	0x4
 274 0069 07       		.byte	0x7
 275 006a 3C010000 		.4byte	.LASF8
 276 006e 03       		.uleb128 0x3
 277 006f 60010000 		.4byte	.LASF10
 278 0073 02       		.byte	0x2
 279 0074 18       		.byte	0x18
 280 0075 24000000 		.4byte	0x24
 281 0079 05       		.uleb128 0x5
ARM GAS  C:\Users\wenzelj\AppData\Local\Temp\ccwEVDai.s 			page 6


 282 007a 90000000 		.4byte	0x90
 283 007e 89000000 		.4byte	0x89
 284 0082 06       		.uleb128 0x6
 285 0083 89000000 		.4byte	0x89
 286 0087 8F       		.byte	0x8f
 287 0088 00       		.byte	0
 288 0089 02       		.uleb128 0x2
 289 008a 04       		.byte	0x4
 290 008b 07       		.byte	0x7
 291 008c 8B010000 		.4byte	.LASF11
 292 0090 07       		.uleb128 0x7
 293 0091 6E000000 		.4byte	0x6e
 294 0095 08       		.uleb128 0x8
 295 0096 2A010000 		.4byte	.LASF12
 296 009a 03       		.byte	0x3
 297 009b 1F       		.byte	0x1f
 298 009c A6000000 		.4byte	0xa6
 299 00a0 05       		.uleb128 0x5
 300 00a1 03       		.byte	0x3
 301 00a2 00000000 		.4byte	cy_meta_configecc
 302 00a6 07       		.uleb128 0x7
 303 00a7 79000000 		.4byte	0x79
 304 00ab 05       		.uleb128 0x5
 305 00ac 90000000 		.4byte	0x90
 306 00b0 BB000000 		.4byte	0xbb
 307 00b4 06       		.uleb128 0x6
 308 00b5 89000000 		.4byte	0x89
 309 00b9 03       		.byte	0x3
 310 00ba 00       		.byte	0
 311 00bb 08       		.uleb128 0x8
 312 00bc 1A010000 		.4byte	.LASF13
 313 00c0 03       		.byte	0x3
 314 00c1 3E       		.byte	0x3e
 315 00c2 CC000000 		.4byte	0xcc
 316 00c6 05       		.uleb128 0x5
 317 00c7 03       		.byte	0x3
 318 00c8 00000000 		.4byte	cy_meta_custnvl
 319 00cc 07       		.uleb128 0x7
 320 00cd AB000000 		.4byte	0xab
 321 00d1 08       		.uleb128 0x8
 322 00d2 7D010000 		.4byte	.LASF14
 323 00d6 03       		.byte	0x3
 324 00d7 4C       		.byte	0x4c
 325 00d8 E2000000 		.4byte	0xe2
 326 00dc 05       		.uleb128 0x5
 327 00dd 03       		.byte	0x3
 328 00de 00000000 		.4byte	cy_meta_wonvl
 329 00e2 07       		.uleb128 0x7
 330 00e3 AB000000 		.4byte	0xab
 331 00e7 05       		.uleb128 0x5
 332 00e8 90000000 		.4byte	0x90
 333 00ec F7000000 		.4byte	0xf7
 334 00f0 06       		.uleb128 0x6
 335 00f1 89000000 		.4byte	0x89
 336 00f5 FF       		.byte	0xff
 337 00f6 00       		.byte	0
 338 00f7 08       		.uleb128 0x8
ARM GAS  C:\Users\wenzelj\AppData\Local\Temp\ccwEVDai.s 			page 7


 339 00f8 68010000 		.4byte	.LASF15
 340 00fc 03       		.byte	0x3
 341 00fd 5A       		.byte	0x5a
 342 00fe 08010000 		.4byte	0x108
 343 0102 05       		.uleb128 0x5
 344 0103 03       		.byte	0x3
 345 0104 00000000 		.4byte	cy_meta_flashprotect
 346 0108 07       		.uleb128 0x7
 347 0109 E7000000 		.4byte	0xe7
 348 010d 05       		.uleb128 0x5
 349 010e 90000000 		.4byte	0x90
 350 0112 1D010000 		.4byte	0x11d
 351 0116 06       		.uleb128 0x6
 352 0117 89000000 		.4byte	0x89
 353 011b 0B       		.byte	0xb
 354 011c 00       		.byte	0
 355 011d 08       		.uleb128 0x8
 356 011e 00000000 		.4byte	.LASF16
 357 0122 03       		.byte	0x3
 358 0123 87       		.byte	0x87
 359 0124 2E010000 		.4byte	0x12e
 360 0128 05       		.uleb128 0x5
 361 0129 03       		.byte	0x3
 362 012a 00000000 		.4byte	cy_metadata
 363 012e 07       		.uleb128 0x7
 364 012f 0D010000 		.4byte	0x10d
 365 0133 00       		.byte	0
 366              		.section	.debug_abbrev,"",%progbits
 367              	.Ldebug_abbrev0:
 368 0000 01       		.uleb128 0x1
 369 0001 11       		.uleb128 0x11
 370 0002 01       		.byte	0x1
 371 0003 25       		.uleb128 0x25
 372 0004 0E       		.uleb128 0xe
 373 0005 13       		.uleb128 0x13
 374 0006 0B       		.uleb128 0xb
 375 0007 03       		.uleb128 0x3
 376 0008 0E       		.uleb128 0xe
 377 0009 1B       		.uleb128 0x1b
 378 000a 0E       		.uleb128 0xe
 379 000b 10       		.uleb128 0x10
 380 000c 17       		.uleb128 0x17
 381 000d 00       		.byte	0
 382 000e 00       		.byte	0
 383 000f 02       		.uleb128 0x2
 384 0010 24       		.uleb128 0x24
 385 0011 00       		.byte	0
 386 0012 0B       		.uleb128 0xb
 387 0013 0B       		.uleb128 0xb
 388 0014 3E       		.uleb128 0x3e
 389 0015 0B       		.uleb128 0xb
 390 0016 03       		.uleb128 0x3
 391 0017 0E       		.uleb128 0xe
 392 0018 00       		.byte	0
 393 0019 00       		.byte	0
 394 001a 03       		.uleb128 0x3
 395 001b 16       		.uleb128 0x16
ARM GAS  C:\Users\wenzelj\AppData\Local\Temp\ccwEVDai.s 			page 8


 396 001c 00       		.byte	0
 397 001d 03       		.uleb128 0x3
 398 001e 0E       		.uleb128 0xe
 399 001f 3A       		.uleb128 0x3a
 400 0020 0B       		.uleb128 0xb
 401 0021 3B       		.uleb128 0x3b
 402 0022 0B       		.uleb128 0xb
 403 0023 49       		.uleb128 0x49
 404 0024 13       		.uleb128 0x13
 405 0025 00       		.byte	0
 406 0026 00       		.byte	0
 407 0027 04       		.uleb128 0x4
 408 0028 24       		.uleb128 0x24
 409 0029 00       		.byte	0
 410 002a 0B       		.uleb128 0xb
 411 002b 0B       		.uleb128 0xb
 412 002c 3E       		.uleb128 0x3e
 413 002d 0B       		.uleb128 0xb
 414 002e 03       		.uleb128 0x3
 415 002f 08       		.uleb128 0x8
 416 0030 00       		.byte	0
 417 0031 00       		.byte	0
 418 0032 05       		.uleb128 0x5
 419 0033 01       		.uleb128 0x1
 420 0034 01       		.byte	0x1
 421 0035 49       		.uleb128 0x49
 422 0036 13       		.uleb128 0x13
 423 0037 01       		.uleb128 0x1
 424 0038 13       		.uleb128 0x13
 425 0039 00       		.byte	0
 426 003a 00       		.byte	0
 427 003b 06       		.uleb128 0x6
 428 003c 21       		.uleb128 0x21
 429 003d 00       		.byte	0
 430 003e 49       		.uleb128 0x49
 431 003f 13       		.uleb128 0x13
 432 0040 2F       		.uleb128 0x2f
 433 0041 0B       		.uleb128 0xb
 434 0042 00       		.byte	0
 435 0043 00       		.byte	0
 436 0044 07       		.uleb128 0x7
 437 0045 26       		.uleb128 0x26
 438 0046 00       		.byte	0
 439 0047 49       		.uleb128 0x49
 440 0048 13       		.uleb128 0x13
 441 0049 00       		.byte	0
 442 004a 00       		.byte	0
 443 004b 08       		.uleb128 0x8
 444 004c 34       		.uleb128 0x34
 445 004d 00       		.byte	0
 446 004e 03       		.uleb128 0x3
 447 004f 0E       		.uleb128 0xe
 448 0050 3A       		.uleb128 0x3a
 449 0051 0B       		.uleb128 0xb
 450 0052 3B       		.uleb128 0x3b
 451 0053 0B       		.uleb128 0xb
 452 0054 49       		.uleb128 0x49
ARM GAS  C:\Users\wenzelj\AppData\Local\Temp\ccwEVDai.s 			page 9


 453 0055 13       		.uleb128 0x13
 454 0056 3F       		.uleb128 0x3f
 455 0057 19       		.uleb128 0x19
 456 0058 02       		.uleb128 0x2
 457 0059 18       		.uleb128 0x18
 458 005a 00       		.byte	0
 459 005b 00       		.byte	0
 460 005c 00       		.byte	0
 461              		.section	.debug_aranges,"",%progbits
 462 0000 14000000 		.4byte	0x14
 463 0004 0200     		.2byte	0x2
 464 0006 00000000 		.4byte	.Ldebug_info0
 465 000a 04       		.byte	0x4
 466 000b 00       		.byte	0
 467 000c 0000     		.2byte	0
 468 000e 0000     		.2byte	0
 469 0010 00000000 		.4byte	0
 470 0014 00000000 		.4byte	0
 471              		.section	.debug_line,"",%progbits
 472              	.Ldebug_line0:
 473 0000 3D010000 		.section	.debug_str,"MS",%progbits,1
 473      02003701 
 473      00000201 
 473      FB0E0D00 
 473      01010101 
 474              	.LASF16:
 475 0000 63795F6D 		.ascii	"cy_metadata\000"
 475      65746164 
 475      61746100 
 476              	.LASF9:
 477 000c 5F5F7569 		.ascii	"__uint8_t\000"
 477      6E74385F 
 477      7400
 478              	.LASF19:
 479 0016 443A5C4D 		.ascii	"D:\\MyDocs\\Documents\\PSoC Creator\\Network_Projec"
 479      79446F63 
 479      735C446F 
 479      63756D65 
 479      6E74735C 
 480 0045 745C5472 		.ascii	"t\\Transmitter.cydsn\000"
 480      616E736D 
 480      69747465 
 480      722E6379 
 480      64736E00 
 481              	.LASF1:
 482 0059 756E7369 		.ascii	"unsigned char\000"
 482      676E6564 
 482      20636861 
 482      7200
 483              	.LASF17:
 484 0067 474E5520 		.ascii	"GNU C11 5.4.1 20160609 (release) [ARM/embedded-5-br"
 484      43313120 
 484      352E342E 
 484      31203230 
 484      31363036 
 485 009a 616E6368 		.ascii	"anch revision 237715] -mcpu=cortex-m3 -mthumb -g -O"
 485      20726576 
ARM GAS  C:\Users\wenzelj\AppData\Local\Temp\ccwEVDai.s 			page 10


 485      6973696F 
 485      6E203233 
 485      37373135 
 486 00cd 67202D66 		.ascii	"g -ffunction-sections -ffat-lto-objects\000"
 486      66756E63 
 486      74696F6E 
 486      2D736563 
 486      74696F6E 
 487              	.LASF5:
 488 00f5 6C6F6E67 		.ascii	"long unsigned int\000"
 488      20756E73 
 488      69676E65 
 488      6420696E 
 488      7400
 489              	.LASF3:
 490 0107 73686F72 		.ascii	"short unsigned int\000"
 490      7420756E 
 490      7369676E 
 490      65642069 
 490      6E7400
 491              	.LASF13:
 492 011a 63795F6D 		.ascii	"cy_meta_custnvl\000"
 492      6574615F 
 492      63757374 
 492      6E766C00 
 493              	.LASF12:
 494 012a 63795F6D 		.ascii	"cy_meta_configecc\000"
 494      6574615F 
 494      636F6E66 
 494      69676563 
 494      6300
 495              	.LASF8:
 496 013c 756E7369 		.ascii	"unsigned int\000"
 496      676E6564 
 496      20696E74 
 496      00
 497              	.LASF7:
 498 0149 6C6F6E67 		.ascii	"long long unsigned int\000"
 498      206C6F6E 
 498      6720756E 
 498      7369676E 
 498      65642069 
 499              	.LASF10:
 500 0160 75696E74 		.ascii	"uint8_t\000"
 500      385F7400 
 501              	.LASF15:
 502 0168 63795F6D 		.ascii	"cy_meta_flashprotect\000"
 502      6574615F 
 502      666C6173 
 502      6870726F 
 502      74656374 
 503              	.LASF14:
 504 017d 63795F6D 		.ascii	"cy_meta_wonvl\000"
 504      6574615F 
 504      776F6E76 
 504      6C00
 505              	.LASF11:
ARM GAS  C:\Users\wenzelj\AppData\Local\Temp\ccwEVDai.s 			page 11


 506 018b 73697A65 		.ascii	"sizetype\000"
 506      74797065 
 506      00
 507              	.LASF6:
 508 0194 6C6F6E67 		.ascii	"long long int\000"
 508      206C6F6E 
 508      6720696E 
 508      7400
 509              	.LASF2:
 510 01a2 73686F72 		.ascii	"short int\000"
 510      7420696E 
 510      7400
 511              	.LASF4:
 512 01ac 6C6F6E67 		.ascii	"long int\000"
 512      20696E74 
 512      00
 513              	.LASF0:
 514 01b5 7369676E 		.ascii	"signed char\000"
 514      65642063 
 514      68617200 
 515              	.LASF18:
 516 01c1 47656E65 		.ascii	"Generated_Source\\PSoC5\\cymetadata.c\000"
 516      72617465 
 516      645F536F 
 516      75726365 
 516      5C50536F 
 517              		.ident	"GCC: (GNU Tools for ARM Embedded Processors) 5.4.1 20160609 (release) [ARM/embedded-5-bran
