ARM GAS  C:\Users\wenzelj\AppData\Local\Temp\cc9irQAz.s 			page 1


   1              		.syntax unified
   2              		.cpu cortex-m3
   3              		.fpu softvfp
   4              		.eabi_attribute 20, 1
   5              		.eabi_attribute 21, 1
   6              		.eabi_attribute 23, 3
   7              		.eabi_attribute 24, 1
   8              		.eabi_attribute 25, 1
   9              		.eabi_attribute 26, 1
  10              		.eabi_attribute 30, 1
  11              		.eabi_attribute 34, 1
  12              		.eabi_attribute 18, 4
  13              		.thumb
  14              		.syntax unified
  15              		.file	"main.c"
  16              		.text
  17              	.Ltext0:
  18              		.cfi_sections	.debug_frame
  19              		.syntax unified
  20              		.global _printf_float
  21              		.thumb
  22              		.syntax unified
  23              		.section	.text.main,"ax",%progbits
  24              		.align	2
  25              		.global	main
  26              		.thumb
  27              		.thumb_func
  28              		.type	main, %function
  29              	main:
  30              	.LFB64:
  31              		.file 1 "main.c"
   1:main.c        **** /*******************************************************************************
   2:main.c        **** * File Name: main.c
   3:main.c        **** *
   4:main.c        **** * Version: 2.0
   5:main.c        **** *
   6:main.c        **** * Description:
   7:main.c        **** *   The component is enumerated as a Virtual Com port. Receives data from the 
   8:main.c        **** *   hyper terminal, then sends back the received data.
   9:main.c        **** *   For PSoC3/PSoC5LP, the LCD shows the line settings.
  10:main.c        **** *
  11:main.c        **** * Related Document:
  12:main.c        **** *  Universal Serial Bus Specification Revision 2.0
  13:main.c        **** *  Universal Serial Bus Class Definitions for Communications Devices
  14:main.c        **** *  Revision 1.2
  15:main.c        **** *
  16:main.c        **** ********************************************************************************
  17:main.c        **** * Copyright 2015, Cypress Semiconductor Corporation. All rights reserved.
  18:main.c        **** * This software is owned by Cypress Semiconductor Corporation and is protected
  19:main.c        **** * by and subject to worldwide patent and copyright laws and treaties.
  20:main.c        **** * Therefore, you may use this software only as provided in the license agreement
  21:main.c        **** * accompanying the software package from which you obtained this software.
  22:main.c        **** * CYPRESS AND ITS SUPPLIERS MAKE NO WARRANTY OF ANY KIND, EXPRESS OR IMPLIED,
  23:main.c        **** * WITH REGARD TO THIS SOFTWARE, INCLUDING, BUT NOT LIMITED TO, NONINFRINGEMENT,
  24:main.c        **** * IMPLIED WARRANTIES OF MERCHANTABILITY AND FITNESS FOR A PARTICULAR PURPOSE.
  25:main.c        **** *******************************************************************************/
  26:main.c        **** 
ARM GAS  C:\Users\wenzelj\AppData\Local\Temp\cc9irQAz.s 			page 2


  27:main.c        **** #include <project.h>
  28:main.c        **** #include "stdio.h"
  29:main.c        **** 
  30:main.c        **** #if defined (__GNUC__)
  31:main.c        ****     /* Add an explicit reference to the floating point printf library */
  32:main.c        ****     /* to allow usage of the floating point conversion specifiers. */
  33:main.c        ****     /* This is not linked in by default with the newlib-nano library. */
  34:main.c        ****     asm (".global _printf_float");
  35:main.c        **** #endif
  36:main.c        **** 
  37:main.c        **** #define USBFS_DEVICE    (0u)
  38:main.c        **** 
  39:main.c        **** /* The buffer size is equal to the maximum packet size of the IN and OUT bulk
  40:main.c        **** * endpoints.
  41:main.c        **** */
  42:main.c        **** #define USB_BUFFER_SIZE (64u)
  43:main.c        **** #define CHAR_BUFFER_SIZE (8u)
  44:main.c        **** #define LINE_STR_LENGTH     (20u)
  45:main.c        **** 
  46:main.c        **** char8* parity[] = {"None", "Odd", "Even", "Mark", "Space"};
  47:main.c        **** char8* stop[]   = {"1", "1.5", "2"};
  48:main.c        **** 
  49:main.c        **** 
  50:main.c        **** /*******************************************************************************
  51:main.c        **** * Function Name: main
  52:main.c        **** ********************************************************************************
  53:main.c        **** *
  54:main.c        **** * Summary:
  55:main.c        **** *  The main function performs the following actions:
  56:main.c        **** *   1. Waits until VBUS becomes valid and starts the USBFS component which is
  57:main.c        **** *      enumerated as virtual Com port.
  58:main.c        **** *   2. Waits until the device is enumerated by the host.
  59:main.c        **** *   3. Waits for data coming from the hyper terminal and sends it back.
  60:main.c        **** *   4. PSoC3/PSoC5LP: the LCD shows the line settings.
  61:main.c        **** *
  62:main.c        **** * Parameters:
  63:main.c        **** *  None.
  64:main.c        **** *
  65:main.c        **** * Return:
  66:main.c        **** *  None.
  67:main.c        **** *
  68:main.c        **** *******************************************************************************/
  69:main.c        **** int main()
  70:main.c        **** {
  32              		.loc 1 70 0
  33              		.cfi_startproc
  34              		@ args = 0, pretend = 0, frame = 96
  35              		@ frame_needed = 0, uses_anonymous_args = 0
  36 0000 2DE9F041 		push	{r4, r5, r6, r7, r8, lr}
  37              		.cfi_def_cfa_offset 24
  38              		.cfi_offset 4, -24
  39              		.cfi_offset 5, -20
  40              		.cfi_offset 6, -16
  41              		.cfi_offset 7, -12
  42              		.cfi_offset 8, -8
  43              		.cfi_offset 14, -4
  44 0004 9AB0     		sub	sp, sp, #104
ARM GAS  C:\Users\wenzelj\AppData\Local\Temp\cc9irQAz.s 			page 3


  45              		.cfi_def_cfa_offset 128
  71:main.c        ****     uint16 count;
  72:main.c        ****     uint8 buffer[USB_BUFFER_SIZE];
  73:main.c        ****     uint8 char_buffer[CHAR_BUFFER_SIZE];
  74:main.c        ****     
  75:main.c        **** #if (CY_PSOC3 || CY_PSOC5LP)
  76:main.c        ****     uint8 state;
  77:main.c        ****     char8 lineStr[LINE_STR_LENGTH];
  78:main.c        ****     
  79:main.c        ****     LCD_Start();
  46              		.loc 1 79 0
  47 0006 FFF7FEFF 		bl	LCD_Start
  48              	.LVL0:
  80:main.c        **** #endif /* (CY_PSOC3 || CY_PSOC5LP) */
  81:main.c        ****     
  82:main.c        ****     CyGlobalIntEnable;
  49              		.loc 1 82 0
  50              		.syntax unified
  51              	@ 82 "main.c" 1
  52 000a 62B6     		CPSIE   i
  53              	@ 0 "" 2
  83:main.c        **** 
  84:main.c        ****     /* Start USBFS operation with 3-V operation. */
  85:main.c        ****     USB_Start(USBFS_DEVICE, USB_3V_OPERATION);
  54              		.loc 1 85 0
  55              		.thumb
  56              		.syntax unified
  57 000c 0021     		movs	r1, #0
  58 000e 0846     		mov	r0, r1
  59 0010 FFF7FEFF 		bl	USB_Start
  60              	.LVL1:
  61              	.L3:
  86:main.c        ****     //Confirm Pin Operation Outside of USBUART
  87:main.c        ****     /*for(;;){
  88:main.c        ****         TX_Write(1);
  89:main.c        ****         CyDelayUs(500);
  90:main.c        ****         TX_Write(0);
  91:main.c        ****         CyDelayUs(500);
  92:main.c        ****     }*/
  93:main.c        ****     for(;;)
  94:main.c        ****     {
  95:main.c        ****         /* Host can send double SET_INTERFACE request. */
  96:main.c        ****         if (0u != USB_IsConfigurationChanged())
  62              		.loc 1 96 0
  63 0014 FFF7FEFF 		bl	USB_IsConfigurationChanged
  64              	.LVL2:
  65 0018 20B1     		cbz	r0, .L2
  97:main.c        ****         {
  98:main.c        ****             /* Initialize IN endpoints when device is configured. */
  99:main.c        ****             if (0u != USB_GetConfiguration())
  66              		.loc 1 99 0
  67 001a FFF7FEFF 		bl	USB_GetConfiguration
  68              	.LVL3:
  69 001e 08B1     		cbz	r0, .L2
 100:main.c        ****             {
 101:main.c        ****                 /* Enumeration is done, enable OUT endpoint to receive data 
 102:main.c        ****                  * from host. */
ARM GAS  C:\Users\wenzelj\AppData\Local\Temp\cc9irQAz.s 			page 4


 103:main.c        ****                 USB_CDC_Init();
  70              		.loc 1 103 0
  71 0020 FFF7FEFF 		bl	USB_CDC_Init
  72              	.LVL4:
  73              	.L2:
 104:main.c        ****             }
 105:main.c        ****         }
 106:main.c        **** 
 107:main.c        ****         /* Service USB CDC when device is configured. */
 108:main.c        ****         if (0u != USB_GetConfiguration())
  74              		.loc 1 108 0
  75 0024 FFF7FEFF 		bl	USB_GetConfiguration
  76              	.LVL5:
  77 0028 0028     		cmp	r0, #0
  78 002a F3D0     		beq	.L3
 109:main.c        ****         {
 110:main.c        ****             /* Check for input data from host. */
 111:main.c        ****             if (0u != USB_DataIsReady())
  79              		.loc 1 111 0
  80 002c FFF7FEFF 		bl	USB_DataIsReady
  81              	.LVL6:
  82 0030 0028     		cmp	r0, #0
  83 0032 4FD0     		beq	.L4
 112:main.c        ****             {
 113:main.c        ****                 /* Read received data and re-enable OUT endpoint. */
 114:main.c        ****                 count = USB_GetAll(buffer);
  84              		.loc 1 114 0
  85 0034 0AA8     		add	r0, sp, #40
  86 0036 FFF7FEFF 		bl	USB_GetAll
  87              	.LVL7:
 115:main.c        **** 
 116:main.c        ****                 if (0u != count)
  88              		.loc 1 116 0
  89 003a 0646     		mov	r6, r0
  90 003c 0028     		cmp	r0, #0
  91 003e 49D0     		beq	.L4
  92              	.LVL8:
  93              	.L5:
 117:main.c        ****                 {
 118:main.c        ****                     /* Wait until component is ready to send data to host. */
 119:main.c        ****                     while (0u == USB_CDCIsReady())
  94              		.loc 1 119 0 discriminator 1
  95 0040 FFF7FEFF 		bl	USB_CDCIsReady
  96              	.LVL9:
  97 0044 0028     		cmp	r0, #0
  98 0046 FBD0     		beq	.L5
  99 0048 0025     		movs	r5, #0
 100 004a 32E0     		b	.L6
 101              	.LVL10:
 102              	.L13:
 103              	.LBB2:
 104              	.LBB3:
 120:main.c        ****                     {
 121:main.c        ****                     }
 122:main.c        ****                     //Get the characters individually, place in cha
 123:main.c        ****                     for(uint8 i=0; i<count; i++){
 124:main.c        ****                         uint8 cha = buffer[i];
ARM GAS  C:\Users\wenzelj\AppData\Local\Temp\cc9irQAz.s 			page 5


 105              		.loc 1 124 0
 106 004c 1AAB     		add	r3, sp, #104
 107 004e 2B44     		add	r3, r3, r5
 108 0050 13F8400C 		ldrb	r0, [r3, #-64]	@ zero_extendqisi2
 109              	.LVL11:
 110              	.LBB4:
 125:main.c        ****                         //For each possible bit, if it is the first bit it is always a 1
 126:main.c        ****                         for(uint8 j=0; j<8; j++){
 111              		.loc 1 126 0
 112 0054 0023     		movs	r3, #0
 113 0056 11E0     		b	.L7
 114              	.LVL12:
 115              	.L10:
 127:main.c        ****                             if(j==0){
 116              		.loc 1 127 0
 117 0058 2BB9     		cbnz	r3, .L8
 128:main.c        ****                                 char_buffer[j] = 1;    
 118              		.loc 1 128 0
 119 005a 0121     		movs	r1, #1
 120 005c 1AAA     		add	r2, sp, #104
 121 005e 1A44     		add	r2, r2, r3
 122 0060 02F8481C 		strb	r1, [r2, #-72]
 123 0064 08E0     		b	.L9
 124              	.L8:
 129:main.c        ****                             }else{
 130:main.c        ****                                 //Otherwise, make a mask based on our position in the for loop and 
 131:main.c        ****                                 char_buffer[j] = cha & (1 << (7-j));    
 125              		.loc 1 131 0
 126 0066 C3F10701 		rsb	r1, r3, #7
 127 006a 0122     		movs	r2, #1
 128 006c 8A40     		lsls	r2, r2, r1
 129 006e 0240     		ands	r2, r2, r0
 130 0070 1AA9     		add	r1, sp, #104
 131 0072 1944     		add	r1, r1, r3
 132 0074 01F8482C 		strb	r2, [r1, #-72]
 133              	.L9:
 126:main.c        ****                             if(j==0){
 134              		.loc 1 126 0 discriminator 2
 135 0078 0133     		adds	r3, r3, #1
 136              	.LVL13:
 137 007a DBB2     		uxtb	r3, r3
 138              	.LVL14:
 139              	.L7:
 126:main.c        ****                             if(j==0){
 140              		.loc 1 126 0 is_stmt 0 discriminator 1
 141 007c 072B     		cmp	r3, #7
 142 007e EBD9     		bls	.L10
 143 0080 0024     		movs	r4, #0
 144 0082 12E0     		b	.L11
 145              	.LVL15:
 146              	.L12:
 147              	.LBE4:
 148              	.LBB5:
 132:main.c        ****                             }
 133:main.c        ****                         }
 134:main.c        ****                         for(uint8 k=0; k<8; k++){
 135:main.c        ****                             //Transmit bits with proper timing
ARM GAS  C:\Users\wenzelj\AppData\Local\Temp\cc9irQAz.s 			page 6


 136:main.c        ****                             TX_Write(char_buffer[k]);
 149              		.loc 1 136 0 is_stmt 1 discriminator 3
 150 0084 1AAB     		add	r3, sp, #104
 151 0086 2344     		add	r3, r3, r4
 152 0088 13F8480C 		ldrb	r0, [r3, #-72]	@ zero_extendqisi2
 153 008c FFF7FEFF 		bl	TX_Write
 154              	.LVL16:
 137:main.c        ****                             CyDelayUs(500);
 155              		.loc 1 137 0 discriminator 3
 156 0090 4FF4FA70 		mov	r0, #500
 157 0094 FFF7FEFF 		bl	CyDelayUs
 158              	.LVL17:
 138:main.c        ****                             TX_Write(0);
 159              		.loc 1 138 0 discriminator 3
 160 0098 0020     		movs	r0, #0
 161 009a FFF7FEFF 		bl	TX_Write
 162              	.LVL18:
 139:main.c        ****                             CyDelayUs(500);
 163              		.loc 1 139 0 discriminator 3
 164 009e 4FF4FA70 		mov	r0, #500
 165 00a2 FFF7FEFF 		bl	CyDelayUs
 166              	.LVL19:
 134:main.c        ****                             //Transmit bits with proper timing
 167              		.loc 1 134 0 discriminator 3
 168 00a6 0134     		adds	r4, r4, #1
 169              	.LVL20:
 170 00a8 E4B2     		uxtb	r4, r4
 171              	.LVL21:
 172              	.L11:
 134:main.c        ****                             //Transmit bits with proper timing
 173              		.loc 1 134 0 is_stmt 0 discriminator 1
 174 00aa 072C     		cmp	r4, #7
 175 00ac EAD9     		bls	.L12
 176              	.LBE5:
 177              	.LBE3:
 123:main.c        ****                         uint8 cha = buffer[i];
 178              		.loc 1 123 0 is_stmt 1 discriminator 2
 179 00ae 0135     		adds	r5, r5, #1
 180              	.LVL22:
 181 00b0 EDB2     		uxtb	r5, r5
 182              	.LVL23:
 183              	.L6:
 123:main.c        ****                         uint8 cha = buffer[i];
 184              		.loc 1 123 0 is_stmt 0 discriminator 1
 185 00b2 ABB2     		uxth	r3, r5
 186 00b4 9E42     		cmp	r6, r3
 187 00b6 C9D8     		bhi	.L13
 188              	.LBE2:
 140:main.c        ****                         }
 141:main.c        ****                     }
 142:main.c        ****                     
 143:main.c        ****                     /* Send data back to host. */
 144:main.c        ****                     USB_PutData(buffer, count);
 189              		.loc 1 144 0 is_stmt 1
 190 00b8 3146     		mov	r1, r6
 191 00ba 0AA8     		add	r0, sp, #40
 192 00bc FFF7FEFF 		bl	USB_PutData
ARM GAS  C:\Users\wenzelj\AppData\Local\Temp\cc9irQAz.s 			page 7


 193              	.LVL24:
 145:main.c        **** 
 146:main.c        ****                     /* If the last sent packet is exactly the maximum packet 
 147:main.c        ****                     *  size, it is followed by a zero-length packet to assure
 148:main.c        ****                     *  that the end of the segment is properly identified by 
 149:main.c        ****                     *  the terminal.
 150:main.c        ****                     */
 151:main.c        ****                     if (USB_BUFFER_SIZE == count)
 194              		.loc 1 151 0
 195 00c0 402E     		cmp	r6, #64
 196 00c2 07D1     		bne	.L4
 197              	.L14:
 152:main.c        ****                     {
 153:main.c        ****                         /* Wait until component is ready to send data to PC. */
 154:main.c        ****                         while (0u == USB_CDCIsReady())
 198              		.loc 1 154 0 discriminator 1
 199 00c4 FFF7FEFF 		bl	USB_CDCIsReady
 200              	.LVL25:
 201 00c8 0028     		cmp	r0, #0
 202 00ca FBD0     		beq	.L14
 155:main.c        ****                         {
 156:main.c        ****                         }
 157:main.c        **** 
 158:main.c        ****                         /* Send zero-length packet to PC. */
 159:main.c        ****                         USB_PutData(NULL, 0u);
 203              		.loc 1 159 0
 204 00cc 0021     		movs	r1, #0
 205 00ce 0846     		mov	r0, r1
 206 00d0 FFF7FEFF 		bl	USB_PutData
 207              	.LVL26:
 208              	.L4:
 160:main.c        ****                     }
 161:main.c        ****                 }
 162:main.c        ****             }
 163:main.c        **** 
 164:main.c        **** 
 165:main.c        ****         #if (CY_PSOC3 || CY_PSOC5LP)
 166:main.c        ****             /* Check for Line settings change. */
 167:main.c        ****             state = USB_IsLineChanged();
 209              		.loc 1 167 0
 210 00d4 FFF7FEFF 		bl	USB_IsLineChanged
 211              	.LVL27:
 168:main.c        ****             if (0u != state)
 212              		.loc 1 168 0
 213 00d8 0446     		mov	r4, r0
 214 00da 0028     		cmp	r0, #0
 215 00dc 9AD0     		beq	.L3
 169:main.c        ****             {
 170:main.c        ****                 /* Output on LCD Line Coding settings. */
 171:main.c        ****                 if (0u != (state & USB_LINE_CODING_CHANGED))
 216              		.loc 1 171 0
 217 00de 10F0010F 		tst	r0, #1
 218 00e2 28D0     		beq	.L16
 172:main.c        ****                 {                  
 173:main.c        ****                     /* Get string to output. */
 174:main.c        ****                     sprintf(lineStr,"BR:%4ld %d%c%s", USB_GetDTERate(),\
 219              		.loc 1 174 0
ARM GAS  C:\Users\wenzelj\AppData\Local\Temp\cc9irQAz.s 			page 8


 220 00e4 FFF7FEFF 		bl	USB_GetDTERate
 221              	.LVL28:
 222 00e8 0646     		mov	r6, r0
 175:main.c        ****                                    (uint16) USB_GetDataBits(),\
 223              		.loc 1 175 0
 224 00ea FFF7FEFF 		bl	USB_GetDataBits
 225              	.LVL29:
 226 00ee 0746     		mov	r7, r0
 176:main.c        ****                                    parity[(uint16) USB_GetParityType()][0],\
 227              		.loc 1 176 0
 228 00f0 FFF7FEFF 		bl	USB_GetParityType
 229              	.LVL30:
 230 00f4 234D     		ldr	r5, .L24
 231 00f6 55F82030 		ldr	r3, [r5, r0, lsl #2]
 232 00fa 93F80080 		ldrb	r8, [r3]	@ zero_extendqisi2
 177:main.c        ****                                    stop[(uint16) USB_GetCharFormat()]);
 233              		.loc 1 177 0
 234 00fe FFF7FEFF 		bl	USB_GetCharFormat
 235              	.LVL31:
 174:main.c        ****                                    (uint16) USB_GetDataBits(),\
 236              		.loc 1 174 0
 237 0102 05EB8000 		add	r0, r5, r0, lsl #2
 238 0106 4369     		ldr	r3, [r0, #20]
 239 0108 0193     		str	r3, [sp, #4]
 240 010a CDF80080 		str	r8, [sp]
 241 010e 3B46     		mov	r3, r7
 242 0110 3246     		mov	r2, r6
 243 0112 1D49     		ldr	r1, .L24+4
 244 0114 03A8     		add	r0, sp, #12
 245 0116 FFF7FEFF 		bl	sprintf
 246              	.LVL32:
 178:main.c        **** 
 179:main.c        ****                     /* Clear LCD line. */
 180:main.c        ****                     LCD_Position(0u, 0u);
 247              		.loc 1 180 0
 248 011a 0021     		movs	r1, #0
 249 011c 0846     		mov	r0, r1
 250 011e FFF7FEFF 		bl	LCD_Position
 251              	.LVL33:
 181:main.c        ****                     LCD_PrintString("                    ");
 252              		.loc 1 181 0
 253 0122 1A48     		ldr	r0, .L24+8
 254 0124 FFF7FEFF 		bl	LCD_PrintString
 255              	.LVL34:
 182:main.c        **** 
 183:main.c        ****                     /* Output string on LCD. */
 184:main.c        ****                     LCD_Position(0u, 0u);
 256              		.loc 1 184 0
 257 0128 0021     		movs	r1, #0
 258 012a 0846     		mov	r0, r1
 259 012c FFF7FEFF 		bl	LCD_Position
 260              	.LVL35:
 185:main.c        ****                     LCD_PrintString(lineStr);
 261              		.loc 1 185 0
 262 0130 03A8     		add	r0, sp, #12
 263 0132 FFF7FEFF 		bl	LCD_PrintString
 264              	.LVL36:
ARM GAS  C:\Users\wenzelj\AppData\Local\Temp\cc9irQAz.s 			page 9


 265              	.L16:
 186:main.c        ****                 }
 187:main.c        **** 
 188:main.c        ****                 /* Output on LCD Line Control settings. */
 189:main.c        ****                 if (0u != (state & USB_LINE_CONTROL_CHANGED))
 266              		.loc 1 189 0
 267 0136 14F0020F 		tst	r4, #2
 268 013a 3FF46BAF 		beq	.L3
 190:main.c        ****                 {                   
 191:main.c        ****                     /* Get string to output. */
 192:main.c        ****                     state = USB_GetLineControl();
 269              		.loc 1 192 0
 270 013e FFF7FEFF 		bl	USB_GetLineControl
 271              	.LVL37:
 272 0142 C0B2     		uxtb	r0, r0
 273              	.LVL38:
 193:main.c        ****                     sprintf(lineStr,"DTR:%s,RTS:%s",  (0u != (state & USB_LINE_CONTROL_DTR)) ? "ON"
 274              		.loc 1 193 0
 275 0144 10F0010F 		tst	r0, #1
 276 0148 01D0     		beq	.L21
 277 014a 114A     		ldr	r2, .L24+12
 278 014c 00E0     		b	.L18
 279              	.L21:
 280 014e 114A     		ldr	r2, .L24+16
 281              	.L18:
 282              		.loc 1 193 0 is_stmt 0 discriminator 4
 283 0150 10F0020F 		tst	r0, #2
 284 0154 01D0     		beq	.L22
 285              		.loc 1 193 0
 286 0156 0E4B     		ldr	r3, .L24+12
 287 0158 00E0     		b	.L19
 288              	.L22:
 289 015a 0E4B     		ldr	r3, .L24+16
 290              	.L19:
 291              		.loc 1 193 0 discriminator 8
 292 015c 0E49     		ldr	r1, .L24+20
 293 015e 03A8     		add	r0, sp, #12
 294              	.LVL39:
 295 0160 FFF7FEFF 		bl	sprintf
 296              	.LVL40:
 194:main.c        ****                                                       (0u != (state & USB_LINE_CONTROL_RTS)) ? "ON"
 195:main.c        **** 
 196:main.c        ****                     /* Clear LCD line. */
 197:main.c        ****                     LCD_Position(1u, 0u);
 297              		.loc 1 197 0 is_stmt 1 discriminator 8
 298 0164 0021     		movs	r1, #0
 299 0166 0120     		movs	r0, #1
 300 0168 FFF7FEFF 		bl	LCD_Position
 301              	.LVL41:
 198:main.c        ****                     LCD_PrintString("                    ");
 302              		.loc 1 198 0 discriminator 8
 303 016c 0748     		ldr	r0, .L24+8
 304 016e FFF7FEFF 		bl	LCD_PrintString
 305              	.LVL42:
 199:main.c        **** 
 200:main.c        ****                     /* Output string on LCD. */
 201:main.c        ****                     LCD_Position(1u, 0u);
ARM GAS  C:\Users\wenzelj\AppData\Local\Temp\cc9irQAz.s 			page 10


 306              		.loc 1 201 0 discriminator 8
 307 0172 0021     		movs	r1, #0
 308 0174 0120     		movs	r0, #1
 309 0176 FFF7FEFF 		bl	LCD_Position
 310              	.LVL43:
 202:main.c        ****                     LCD_PrintString(lineStr);
 311              		.loc 1 202 0 discriminator 8
 312 017a 03A8     		add	r0, sp, #12
 313 017c FFF7FEFF 		bl	LCD_PrintString
 314              	.LVL44:
 315 0180 48E7     		b	.L3
 316              	.L25:
 317 0182 00BF     		.align	2
 318              	.L24:
 319 0184 00000000 		.word	.LANCHOR0
 320 0188 08000000 		.word	.LC2
 321 018c 18000000 		.word	.LC3
 322 0190 00000000 		.word	.LC0
 323 0194 04000000 		.word	.LC1
 324 0198 30000000 		.word	.LC4
 325              		.cfi_endproc
 326              	.LFE64:
 327              		.size	main, .-main
 328              		.global	stop
 329              		.global	parity
 330              		.data
 331              		.align	2
 332              		.set	.LANCHOR0,. + 0
 333              		.type	parity, %object
 334              		.size	parity, 20
 335              	parity:
 336 0000 4C000000 		.word	.LC8
 337 0004 54000000 		.word	.LC9
 338 0008 58000000 		.word	.LC10
 339 000c 60000000 		.word	.LC11
 340 0010 68000000 		.word	.LC12
 341              		.type	stop, %object
 342              		.size	stop, 12
 343              	stop:
 344 0014 40000000 		.word	.LC5
 345 0018 44000000 		.word	.LC6
 346 001c 48000000 		.word	.LC7
 347              		.section	.rodata.str1.4,"aMS",%progbits,1
 348              		.align	2
 349              	.LC0:
 350 0000 4F4E00   		.ascii	"ON\000"
 351 0003 00       		.space	1
 352              	.LC1:
 353 0004 4F464600 		.ascii	"OFF\000"
 354              	.LC2:
 355 0008 42523A25 		.ascii	"BR:%4ld %d%c%s\000"
 355      346C6420 
 355      25642563 
 355      257300
 356 0017 00       		.space	1
 357              	.LC3:
 358 0018 20202020 		.ascii	"                    \000"
ARM GAS  C:\Users\wenzelj\AppData\Local\Temp\cc9irQAz.s 			page 11


 358      20202020 
 358      20202020 
 358      20202020 
 358      20202020 
 359 002d 000000   		.space	3
 360              	.LC4:
 361 0030 4454523A 		.ascii	"DTR:%s,RTS:%s\000"
 361      25732C52 
 361      54533A25 
 361      7300
 362 003e 0000     		.space	2
 363              	.LC5:
 364 0040 3100     		.ascii	"1\000"
 365 0042 0000     		.space	2
 366              	.LC6:
 367 0044 312E3500 		.ascii	"1.5\000"
 368              	.LC7:
 369 0048 3200     		.ascii	"2\000"
 370 004a 0000     		.space	2
 371              	.LC8:
 372 004c 4E6F6E65 		.ascii	"None\000"
 372      00
 373 0051 000000   		.space	3
 374              	.LC9:
 375 0054 4F646400 		.ascii	"Odd\000"
 376              	.LC10:
 377 0058 4576656E 		.ascii	"Even\000"
 377      00
 378 005d 000000   		.space	3
 379              	.LC11:
 380 0060 4D61726B 		.ascii	"Mark\000"
 380      00
 381 0065 000000   		.space	3
 382              	.LC12:
 383 0068 53706163 		.ascii	"Space\000"
 383      6500
 384              		.text
 385              	.Letext0:
 386              		.file 2 "c:\\program files (x86)\\cypress\\psoc creator\\4.1\\psoc creator\\import\\gnu\\arm\\5.4.
 387              		.file 3 "c:\\program files (x86)\\cypress\\psoc creator\\4.1\\psoc creator\\import\\gnu\\arm\\5.4.
 388              		.file 4 "Generated_Source\\PSoC5/cytypes.h"
 389              		.file 5 "Generated_Source\\PSoC5/core_cm3.h"
 390              		.file 6 "Generated_Source\\PSoC5/TX.h"
 391              		.file 7 "Generated_Source\\PSoC5/CyLib.h"
 392              		.file 8 "Generated_Source\\PSoC5/LCD.h"
 393              		.file 9 "Generated_Source\\PSoC5/USB.h"
 394              		.file 10 "Generated_Source\\PSoC5/USB_cdc.h"
 395              		.file 11 "c:\\program files (x86)\\cypress\\psoc creator\\4.1\\psoc creator\\import\\gnu\\arm\\5.4
 396              		.section	.debug_info,"",%progbits
 397              	.Ldebug_info0:
 398 0000 2E050000 		.4byte	0x52e
 399 0004 0400     		.2byte	0x4
 400 0006 00000000 		.4byte	.Ldebug_abbrev0
 401 000a 04       		.byte	0x4
 402 000b 01       		.uleb128 0x1
 403 000c DF000000 		.4byte	.LASF47
 404 0010 0C       		.byte	0xc
ARM GAS  C:\Users\wenzelj\AppData\Local\Temp\cc9irQAz.s 			page 12


 405 0011 6C020000 		.4byte	.LASF48
 406 0015 47000000 		.4byte	.LASF49
 407 0019 00000000 		.4byte	.Ldebug_ranges0+0
 408 001d 00000000 		.4byte	0
 409 0021 00000000 		.4byte	.Ldebug_line0
 410 0025 02       		.uleb128 0x2
 411 0026 01       		.byte	0x1
 412 0027 06       		.byte	0x6
 413 0028 E4020000 		.4byte	.LASF0
 414 002c 02       		.uleb128 0x2
 415 002d 01       		.byte	0x1
 416 002e 08       		.byte	0x8
 417 002f D1000000 		.4byte	.LASF1
 418 0033 02       		.uleb128 0x2
 419 0034 02       		.byte	0x2
 420 0035 05       		.byte	0x5
 421 0036 9E020000 		.4byte	.LASF2
 422 003a 02       		.uleb128 0x2
 423 003b 02       		.byte	0x2
 424 003c 07       		.byte	0x7
 425 003d 85010000 		.4byte	.LASF3
 426 0041 03       		.uleb128 0x3
 427 0042 2A000000 		.4byte	.LASF9
 428 0046 02       		.byte	0x2
 429 0047 3F       		.byte	0x3f
 430 0048 4C000000 		.4byte	0x4c
 431 004c 02       		.uleb128 0x2
 432 004d 04       		.byte	0x4
 433 004e 05       		.byte	0x5
 434 004f CA020000 		.4byte	.LASF4
 435 0053 02       		.uleb128 0x2
 436 0054 04       		.byte	0x4
 437 0055 07       		.byte	0x7
 438 0056 73010000 		.4byte	.LASF5
 439 005a 02       		.uleb128 0x2
 440 005b 08       		.byte	0x8
 441 005c 05       		.byte	0x5
 442 005d C3000000 		.4byte	.LASF6
 443 0061 02       		.uleb128 0x2
 444 0062 08       		.byte	0x8
 445 0063 07       		.byte	0x7
 446 0064 16020000 		.4byte	.LASF7
 447 0068 04       		.uleb128 0x4
 448 0069 04       		.byte	0x4
 449 006a 05       		.byte	0x5
 450 006b 696E7400 		.ascii	"int\000"
 451 006f 02       		.uleb128 0x2
 452 0070 04       		.byte	0x4
 453 0071 07       		.byte	0x7
 454 0072 09020000 		.4byte	.LASF8
 455 0076 03       		.uleb128 0x3
 456 0077 49020000 		.4byte	.LASF10
 457 007b 03       		.byte	0x3
 458 007c 2C       		.byte	0x2c
 459 007d 41000000 		.4byte	0x41
 460 0081 05       		.uleb128 0x5
 461 0082 AF020000 		.4byte	.LASF11
ARM GAS  C:\Users\wenzelj\AppData\Local\Temp\cc9irQAz.s 			page 13


 462 0086 04       		.byte	0x4
 463 0087 9201     		.2byte	0x192
 464 0089 2C000000 		.4byte	0x2c
 465 008d 05       		.uleb128 0x5
 466 008e B1010000 		.4byte	.LASF12
 467 0092 04       		.byte	0x4
 468 0093 9301     		.2byte	0x193
 469 0095 3A000000 		.4byte	0x3a
 470 0099 02       		.uleb128 0x2
 471 009a 04       		.byte	0x4
 472 009b 04       		.byte	0x4
 473 009c AB000000 		.4byte	.LASF13
 474 00a0 02       		.uleb128 0x2
 475 00a1 08       		.byte	0x8
 476 00a2 04       		.byte	0x4
 477 00a3 AA010000 		.4byte	.LASF14
 478 00a7 05       		.uleb128 0x5
 479 00a8 6D010000 		.4byte	.LASF15
 480 00ac 04       		.byte	0x4
 481 00ad A301     		.2byte	0x1a3
 482 00af B3000000 		.4byte	0xb3
 483 00b3 02       		.uleb128 0x2
 484 00b4 01       		.byte	0x1
 485 00b5 08       		.byte	0x8
 486 00b6 D3020000 		.4byte	.LASF16
 487 00ba 02       		.uleb128 0x2
 488 00bb 08       		.byte	0x8
 489 00bc 04       		.byte	0x4
 490 00bd D8020000 		.4byte	.LASF17
 491 00c1 02       		.uleb128 0x2
 492 00c2 04       		.byte	0x4
 493 00c3 07       		.byte	0x7
 494 00c4 51020000 		.4byte	.LASF18
 495 00c8 06       		.uleb128 0x6
 496 00c9 81000000 		.4byte	0x81
 497 00cd D8000000 		.4byte	0xd8
 498 00d1 07       		.uleb128 0x7
 499 00d2 C1000000 		.4byte	0xc1
 500 00d6 07       		.byte	0x7
 501 00d7 00       		.byte	0
 502 00d8 08       		.uleb128 0x8
 503 00d9 C4010000 		.4byte	.LASF50
 504 00dd 01       		.byte	0x1
 505 00de 45       		.byte	0x45
 506 00df 68000000 		.4byte	0x68
 507 00e3 00000000 		.4byte	.LFB64
 508 00e7 9C010000 		.4byte	.LFE64-.LFB64
 509 00eb 01       		.uleb128 0x1
 510 00ec 9C       		.byte	0x9c
 511 00ed D9030000 		.4byte	0x3d9
 512 00f1 09       		.uleb128 0x9
 513 00f2 88020000 		.4byte	.LASF19
 514 00f6 01       		.byte	0x1
 515 00f7 47       		.byte	0x47
 516 00f8 8D000000 		.4byte	0x8d
 517 00fc 00000000 		.4byte	.LLST0
 518 0100 0A       		.uleb128 0xa
ARM GAS  C:\Users\wenzelj\AppData\Local\Temp\cc9irQAz.s 			page 14


 519 0101 A8020000 		.4byte	.LASF20
 520 0105 01       		.byte	0x1
 521 0106 48       		.byte	0x48
 522 0107 D9030000 		.4byte	0x3d9
 523 010b 03       		.uleb128 0x3
 524 010c 91       		.byte	0x91
 525 010d A87F     		.sleb128 -88
 526 010f 0A       		.uleb128 0xa
 527 0110 C9010000 		.4byte	.LASF21
 528 0114 01       		.byte	0x1
 529 0115 49       		.byte	0x49
 530 0116 C8000000 		.4byte	0xc8
 531 011a 03       		.uleb128 0x3
 532 011b 91       		.byte	0x91
 533 011c A07F     		.sleb128 -96
 534 011e 09       		.uleb128 0x9
 535 011f 8A000000 		.4byte	.LASF22
 536 0123 01       		.byte	0x1
 537 0124 4C       		.byte	0x4c
 538 0125 81000000 		.4byte	0x81
 539 0129 13000000 		.4byte	.LLST1
 540 012d 0A       		.uleb128 0xa
 541 012e 0C030000 		.4byte	.LASF23
 542 0132 01       		.byte	0x1
 543 0133 4D       		.byte	0x4d
 544 0134 E9030000 		.4byte	0x3e9
 545 0138 03       		.uleb128 0x3
 546 0139 91       		.byte	0x91
 547 013a 8C7F     		.sleb128 -116
 548 013c 0B       		.uleb128 0xb
 549 013d 4C000000 		.4byte	.LBB2
 550 0141 6C000000 		.4byte	.LBE2-.LBB2
 551 0145 F7010000 		.4byte	0x1f7
 552 0149 0C       		.uleb128 0xc
 553 014a 6900     		.ascii	"i\000"
 554 014c 01       		.byte	0x1
 555 014d 7B       		.byte	0x7b
 556 014e 81000000 		.4byte	0x81
 557 0152 31000000 		.4byte	.LLST2
 558 0156 0D       		.uleb128 0xd
 559 0157 4C000000 		.4byte	.LBB3
 560 015b 62000000 		.4byte	.LBE3-.LBB3
 561 015f 0C       		.uleb128 0xc
 562 0160 63686100 		.ascii	"cha\000"
 563 0164 01       		.byte	0x1
 564 0165 7C       		.byte	0x7c
 565 0166 81000000 		.4byte	0x81
 566 016a 4F000000 		.4byte	.LLST3
 567 016e 0B       		.uleb128 0xb
 568 016f 54000000 		.4byte	.LBB4
 569 0173 30000000 		.4byte	.LBE4-.LBB4
 570 0177 89010000 		.4byte	0x189
 571 017b 0C       		.uleb128 0xc
 572 017c 6A00     		.ascii	"j\000"
 573 017e 01       		.byte	0x1
 574 017f 7E       		.byte	0x7e
 575 0180 81000000 		.4byte	0x81
ARM GAS  C:\Users\wenzelj\AppData\Local\Temp\cc9irQAz.s 			page 15


 576 0184 62000000 		.4byte	.LLST4
 577 0188 00       		.byte	0
 578 0189 0D       		.uleb128 0xd
 579 018a 84000000 		.4byte	.LBB5
 580 018e 2A000000 		.4byte	.LBE5-.LBB5
 581 0192 0C       		.uleb128 0xc
 582 0193 6B00     		.ascii	"k\000"
 583 0195 01       		.byte	0x1
 584 0196 86       		.byte	0x86
 585 0197 81000000 		.4byte	0x81
 586 019b 8C000000 		.4byte	.LLST5
 587 019f 0E       		.uleb128 0xe
 588 01a0 90000000 		.4byte	.LVL16
 589 01a4 52040000 		.4byte	0x452
 590 01a8 BB010000 		.4byte	0x1bb
 591 01ac 0F       		.uleb128 0xf
 592 01ad 01       		.uleb128 0x1
 593 01ae 50       		.byte	0x50
 594 01af 0A       		.uleb128 0xa
 595 01b0 91       		.byte	0x91
 596 01b1 00       		.sleb128 0
 597 01b2 74       		.byte	0x74
 598 01b3 00       		.sleb128 0
 599 01b4 22       		.byte	0x22
 600 01b5 08       		.byte	0x8
 601 01b6 60       		.byte	0x60
 602 01b7 1C       		.byte	0x1c
 603 01b8 94       		.byte	0x94
 604 01b9 01       		.byte	0x1
 605 01ba 00       		.byte	0
 606 01bb 0E       		.uleb128 0xe
 607 01bc 98000000 		.4byte	.LVL17
 608 01c0 5D040000 		.4byte	0x45d
 609 01c4 D0010000 		.4byte	0x1d0
 610 01c8 0F       		.uleb128 0xf
 611 01c9 01       		.uleb128 0x1
 612 01ca 50       		.byte	0x50
 613 01cb 03       		.uleb128 0x3
 614 01cc 0A       		.byte	0xa
 615 01cd F401     		.2byte	0x1f4
 616 01cf 00       		.byte	0
 617 01d0 0E       		.uleb128 0xe
 618 01d1 9E000000 		.4byte	.LVL18
 619 01d5 52040000 		.4byte	0x452
 620 01d9 E3010000 		.4byte	0x1e3
 621 01dd 0F       		.uleb128 0xf
 622 01de 01       		.uleb128 0x1
 623 01df 50       		.byte	0x50
 624 01e0 01       		.uleb128 0x1
 625 01e1 30       		.byte	0x30
 626 01e2 00       		.byte	0
 627 01e3 10       		.uleb128 0x10
 628 01e4 A6000000 		.4byte	.LVL19
 629 01e8 5D040000 		.4byte	0x45d
 630 01ec 0F       		.uleb128 0xf
 631 01ed 01       		.uleb128 0x1
 632 01ee 50       		.byte	0x50
ARM GAS  C:\Users\wenzelj\AppData\Local\Temp\cc9irQAz.s 			page 16


 633 01ef 03       		.uleb128 0x3
 634 01f0 0A       		.byte	0xa
 635 01f1 F401     		.2byte	0x1f4
 636 01f3 00       		.byte	0
 637 01f4 00       		.byte	0
 638 01f5 00       		.byte	0
 639 01f6 00       		.byte	0
 640 01f7 11       		.uleb128 0x11
 641 01f8 0A000000 		.4byte	.LVL0
 642 01fc 68040000 		.4byte	0x468
 643 0200 0E       		.uleb128 0xe
 644 0201 14000000 		.4byte	.LVL1
 645 0205 73040000 		.4byte	0x473
 646 0209 18020000 		.4byte	0x218
 647 020d 0F       		.uleb128 0xf
 648 020e 01       		.uleb128 0x1
 649 020f 50       		.byte	0x50
 650 0210 01       		.uleb128 0x1
 651 0211 30       		.byte	0x30
 652 0212 0F       		.uleb128 0xf
 653 0213 01       		.uleb128 0x1
 654 0214 51       		.byte	0x51
 655 0215 01       		.uleb128 0x1
 656 0216 30       		.byte	0x30
 657 0217 00       		.byte	0
 658 0218 11       		.uleb128 0x11
 659 0219 18000000 		.4byte	.LVL2
 660 021d 7F040000 		.4byte	0x47f
 661 0221 11       		.uleb128 0x11
 662 0222 1E000000 		.4byte	.LVL3
 663 0226 8B040000 		.4byte	0x48b
 664 022a 11       		.uleb128 0x11
 665 022b 24000000 		.4byte	.LVL4
 666 022f 97040000 		.4byte	0x497
 667 0233 11       		.uleb128 0x11
 668 0234 28000000 		.4byte	.LVL5
 669 0238 8B040000 		.4byte	0x48b
 670 023c 11       		.uleb128 0x11
 671 023d 30000000 		.4byte	.LVL6
 672 0241 A2040000 		.4byte	0x4a2
 673 0245 0E       		.uleb128 0xe
 674 0246 3A000000 		.4byte	.LVL7
 675 024a AD040000 		.4byte	0x4ad
 676 024e 5A020000 		.4byte	0x25a
 677 0252 0F       		.uleb128 0xf
 678 0253 01       		.uleb128 0x1
 679 0254 50       		.byte	0x50
 680 0255 03       		.uleb128 0x3
 681 0256 91       		.byte	0x91
 682 0257 A87F     		.sleb128 -88
 683 0259 00       		.byte	0
 684 025a 11       		.uleb128 0x11
 685 025b 44000000 		.4byte	.LVL9
 686 025f B8040000 		.4byte	0x4b8
 687 0263 0E       		.uleb128 0xe
 688 0264 C0000000 		.4byte	.LVL24
 689 0268 C3040000 		.4byte	0x4c3
ARM GAS  C:\Users\wenzelj\AppData\Local\Temp\cc9irQAz.s 			page 17


 690 026c 7E020000 		.4byte	0x27e
 691 0270 0F       		.uleb128 0xf
 692 0271 01       		.uleb128 0x1
 693 0272 50       		.byte	0x50
 694 0273 03       		.uleb128 0x3
 695 0274 91       		.byte	0x91
 696 0275 A87F     		.sleb128 -88
 697 0277 0F       		.uleb128 0xf
 698 0278 01       		.uleb128 0x1
 699 0279 51       		.byte	0x51
 700 027a 02       		.uleb128 0x2
 701 027b 76       		.byte	0x76
 702 027c 00       		.sleb128 0
 703 027d 00       		.byte	0
 704 027e 11       		.uleb128 0x11
 705 027f C8000000 		.4byte	.LVL25
 706 0283 B8040000 		.4byte	0x4b8
 707 0287 0E       		.uleb128 0xe
 708 0288 D4000000 		.4byte	.LVL26
 709 028c C3040000 		.4byte	0x4c3
 710 0290 9F020000 		.4byte	0x29f
 711 0294 0F       		.uleb128 0xf
 712 0295 01       		.uleb128 0x1
 713 0296 50       		.byte	0x50
 714 0297 01       		.uleb128 0x1
 715 0298 30       		.byte	0x30
 716 0299 0F       		.uleb128 0xf
 717 029a 01       		.uleb128 0x1
 718 029b 51       		.byte	0x51
 719 029c 01       		.uleb128 0x1
 720 029d 30       		.byte	0x30
 721 029e 00       		.byte	0
 722 029f 11       		.uleb128 0x11
 723 02a0 D8000000 		.4byte	.LVL27
 724 02a4 CE040000 		.4byte	0x4ce
 725 02a8 11       		.uleb128 0x11
 726 02a9 E8000000 		.4byte	.LVL28
 727 02ad D9040000 		.4byte	0x4d9
 728 02b1 11       		.uleb128 0x11
 729 02b2 EE000000 		.4byte	.LVL29
 730 02b6 E4040000 		.4byte	0x4e4
 731 02ba 11       		.uleb128 0x11
 732 02bb F4000000 		.4byte	.LVL30
 733 02bf EF040000 		.4byte	0x4ef
 734 02c3 11       		.uleb128 0x11
 735 02c4 02010000 		.4byte	.LVL31
 736 02c8 FA040000 		.4byte	0x4fa
 737 02cc 0E       		.uleb128 0xe
 738 02cd 1A010000 		.4byte	.LVL32
 739 02d1 05050000 		.4byte	0x505
 740 02d5 FD020000 		.4byte	0x2fd
 741 02d9 0F       		.uleb128 0xf
 742 02da 01       		.uleb128 0x1
 743 02db 50       		.byte	0x50
 744 02dc 03       		.uleb128 0x3
 745 02dd 91       		.byte	0x91
 746 02de 8C7F     		.sleb128 -116
ARM GAS  C:\Users\wenzelj\AppData\Local\Temp\cc9irQAz.s 			page 18


 747 02e0 0F       		.uleb128 0xf
 748 02e1 01       		.uleb128 0x1
 749 02e2 51       		.byte	0x51
 750 02e3 05       		.uleb128 0x5
 751 02e4 03       		.byte	0x3
 752 02e5 08000000 		.4byte	.LC2
 753 02e9 0F       		.uleb128 0xf
 754 02ea 01       		.uleb128 0x1
 755 02eb 52       		.byte	0x52
 756 02ec 02       		.uleb128 0x2
 757 02ed 76       		.byte	0x76
 758 02ee 00       		.sleb128 0
 759 02ef 0F       		.uleb128 0xf
 760 02f0 01       		.uleb128 0x1
 761 02f1 53       		.byte	0x53
 762 02f2 02       		.uleb128 0x2
 763 02f3 77       		.byte	0x77
 764 02f4 00       		.sleb128 0
 765 02f5 0F       		.uleb128 0xf
 766 02f6 02       		.uleb128 0x2
 767 02f7 7D       		.byte	0x7d
 768 02f8 00       		.sleb128 0
 769 02f9 02       		.uleb128 0x2
 770 02fa 78       		.byte	0x78
 771 02fb 00       		.sleb128 0
 772 02fc 00       		.byte	0
 773 02fd 0E       		.uleb128 0xe
 774 02fe 22010000 		.4byte	.LVL33
 775 0302 10050000 		.4byte	0x510
 776 0306 15030000 		.4byte	0x315
 777 030a 0F       		.uleb128 0xf
 778 030b 01       		.uleb128 0x1
 779 030c 50       		.byte	0x50
 780 030d 01       		.uleb128 0x1
 781 030e 30       		.byte	0x30
 782 030f 0F       		.uleb128 0xf
 783 0310 01       		.uleb128 0x1
 784 0311 51       		.byte	0x51
 785 0312 01       		.uleb128 0x1
 786 0313 30       		.byte	0x30
 787 0314 00       		.byte	0
 788 0315 0E       		.uleb128 0xe
 789 0316 28010000 		.4byte	.LVL34
 790 031a 1B050000 		.4byte	0x51b
 791 031e 2C030000 		.4byte	0x32c
 792 0322 0F       		.uleb128 0xf
 793 0323 01       		.uleb128 0x1
 794 0324 50       		.byte	0x50
 795 0325 05       		.uleb128 0x5
 796 0326 03       		.byte	0x3
 797 0327 18000000 		.4byte	.LC3
 798 032b 00       		.byte	0
 799 032c 0E       		.uleb128 0xe
 800 032d 30010000 		.4byte	.LVL35
 801 0331 10050000 		.4byte	0x510
 802 0335 44030000 		.4byte	0x344
 803 0339 0F       		.uleb128 0xf
ARM GAS  C:\Users\wenzelj\AppData\Local\Temp\cc9irQAz.s 			page 19


 804 033a 01       		.uleb128 0x1
 805 033b 50       		.byte	0x50
 806 033c 01       		.uleb128 0x1
 807 033d 30       		.byte	0x30
 808 033e 0F       		.uleb128 0xf
 809 033f 01       		.uleb128 0x1
 810 0340 51       		.byte	0x51
 811 0341 01       		.uleb128 0x1
 812 0342 30       		.byte	0x30
 813 0343 00       		.byte	0
 814 0344 0E       		.uleb128 0xe
 815 0345 36010000 		.4byte	.LVL36
 816 0349 1B050000 		.4byte	0x51b
 817 034d 59030000 		.4byte	0x359
 818 0351 0F       		.uleb128 0xf
 819 0352 01       		.uleb128 0x1
 820 0353 50       		.byte	0x50
 821 0354 03       		.uleb128 0x3
 822 0355 91       		.byte	0x91
 823 0356 8C7F     		.sleb128 -116
 824 0358 00       		.byte	0
 825 0359 11       		.uleb128 0x11
 826 035a 42010000 		.4byte	.LVL37
 827 035e 26050000 		.4byte	0x526
 828 0362 0E       		.uleb128 0xe
 829 0363 64010000 		.4byte	.LVL40
 830 0367 05050000 		.4byte	0x505
 831 036b 80030000 		.4byte	0x380
 832 036f 0F       		.uleb128 0xf
 833 0370 01       		.uleb128 0x1
 834 0371 50       		.byte	0x50
 835 0372 03       		.uleb128 0x3
 836 0373 91       		.byte	0x91
 837 0374 8C7F     		.sleb128 -116
 838 0376 0F       		.uleb128 0xf
 839 0377 01       		.uleb128 0x1
 840 0378 51       		.byte	0x51
 841 0379 05       		.uleb128 0x5
 842 037a 03       		.byte	0x3
 843 037b 30000000 		.4byte	.LC4
 844 037f 00       		.byte	0
 845 0380 0E       		.uleb128 0xe
 846 0381 6C010000 		.4byte	.LVL41
 847 0385 10050000 		.4byte	0x510
 848 0389 98030000 		.4byte	0x398
 849 038d 0F       		.uleb128 0xf
 850 038e 01       		.uleb128 0x1
 851 038f 50       		.byte	0x50
 852 0390 01       		.uleb128 0x1
 853 0391 31       		.byte	0x31
 854 0392 0F       		.uleb128 0xf
 855 0393 01       		.uleb128 0x1
 856 0394 51       		.byte	0x51
 857 0395 01       		.uleb128 0x1
 858 0396 30       		.byte	0x30
 859 0397 00       		.byte	0
 860 0398 0E       		.uleb128 0xe
ARM GAS  C:\Users\wenzelj\AppData\Local\Temp\cc9irQAz.s 			page 20


 861 0399 72010000 		.4byte	.LVL42
 862 039d 1B050000 		.4byte	0x51b
 863 03a1 AF030000 		.4byte	0x3af
 864 03a5 0F       		.uleb128 0xf
 865 03a6 01       		.uleb128 0x1
 866 03a7 50       		.byte	0x50
 867 03a8 05       		.uleb128 0x5
 868 03a9 03       		.byte	0x3
 869 03aa 18000000 		.4byte	.LC3
 870 03ae 00       		.byte	0
 871 03af 0E       		.uleb128 0xe
 872 03b0 7A010000 		.4byte	.LVL43
 873 03b4 10050000 		.4byte	0x510
 874 03b8 C7030000 		.4byte	0x3c7
 875 03bc 0F       		.uleb128 0xf
 876 03bd 01       		.uleb128 0x1
 877 03be 50       		.byte	0x50
 878 03bf 01       		.uleb128 0x1
 879 03c0 31       		.byte	0x31
 880 03c1 0F       		.uleb128 0xf
 881 03c2 01       		.uleb128 0x1
 882 03c3 51       		.byte	0x51
 883 03c4 01       		.uleb128 0x1
 884 03c5 30       		.byte	0x30
 885 03c6 00       		.byte	0
 886 03c7 10       		.uleb128 0x10
 887 03c8 80010000 		.4byte	.LVL44
 888 03cc 1B050000 		.4byte	0x51b
 889 03d0 0F       		.uleb128 0xf
 890 03d1 01       		.uleb128 0x1
 891 03d2 50       		.byte	0x50
 892 03d3 03       		.uleb128 0x3
 893 03d4 91       		.byte	0x91
 894 03d5 8C7F     		.sleb128 -116
 895 03d7 00       		.byte	0
 896 03d8 00       		.byte	0
 897 03d9 06       		.uleb128 0x6
 898 03da 81000000 		.4byte	0x81
 899 03de E9030000 		.4byte	0x3e9
 900 03e2 07       		.uleb128 0x7
 901 03e3 C1000000 		.4byte	0xc1
 902 03e7 3F       		.byte	0x3f
 903 03e8 00       		.byte	0
 904 03e9 06       		.uleb128 0x6
 905 03ea A7000000 		.4byte	0xa7
 906 03ee F9030000 		.4byte	0x3f9
 907 03f2 07       		.uleb128 0x7
 908 03f3 C1000000 		.4byte	0xc1
 909 03f7 13       		.byte	0x13
 910 03f8 00       		.byte	0
 911 03f9 12       		.uleb128 0x12
 912 03fa 9D010000 		.4byte	.LASF24
 913 03fe 05       		.byte	0x5
 914 03ff 1207     		.2byte	0x712
 915 0401 05040000 		.4byte	0x405
 916 0405 13       		.uleb128 0x13
 917 0406 76000000 		.4byte	0x76
ARM GAS  C:\Users\wenzelj\AppData\Local\Temp\cc9irQAz.s 			page 21


 918 040a 06       		.uleb128 0x6
 919 040b 1A040000 		.4byte	0x41a
 920 040f 1A040000 		.4byte	0x41a
 921 0413 07       		.uleb128 0x7
 922 0414 C1000000 		.4byte	0xc1
 923 0418 04       		.byte	0x4
 924 0419 00       		.byte	0
 925 041a 14       		.uleb128 0x14
 926 041b 04       		.byte	0x4
 927 041c A7000000 		.4byte	0xa7
 928 0420 15       		.uleb128 0x15
 929 0421 FD020000 		.4byte	.LASF25
 930 0425 01       		.byte	0x1
 931 0426 2E       		.byte	0x2e
 932 0427 0A040000 		.4byte	0x40a
 933 042b 05       		.uleb128 0x5
 934 042c 03       		.byte	0x3
 935 042d 00000000 		.4byte	parity
 936 0431 06       		.uleb128 0x6
 937 0432 1A040000 		.4byte	0x41a
 938 0436 41040000 		.4byte	0x441
 939 043a 07       		.uleb128 0x7
 940 043b C1000000 		.4byte	0xc1
 941 043f 02       		.byte	0x2
 942 0440 00       		.byte	0
 943 0441 15       		.uleb128 0x15
 944 0442 98010000 		.4byte	.LASF26
 945 0446 01       		.byte	0x1
 946 0447 2F       		.byte	0x2f
 947 0448 31040000 		.4byte	0x431
 948 044c 05       		.uleb128 0x5
 949 044d 03       		.byte	0x3
 950 044e 00000000 		.4byte	stop
 951 0452 16       		.uleb128 0x16
 952 0453 90000000 		.4byte	.LASF27
 953 0457 90000000 		.4byte	.LASF27
 954 045b 06       		.byte	0x6
 955 045c 26       		.byte	0x26
 956 045d 16       		.uleb128 0x16
 957 045e E5010000 		.4byte	.LASF28
 958 0462 E5010000 		.4byte	.LASF28
 959 0466 07       		.byte	0x7
 960 0467 77       		.byte	0x77
 961 0468 16       		.uleb128 0x16
 962 0469 C0020000 		.4byte	.LASF29
 963 046d C0020000 		.4byte	.LASF29
 964 0471 08       		.byte	0x8
 965 0472 38       		.byte	0x38
 966 0473 17       		.uleb128 0x17
 967 0474 EF010000 		.4byte	.LASF30
 968 0478 EF010000 		.4byte	.LASF30
 969 047c 09       		.byte	0x9
 970 047d 2A01     		.2byte	0x12a
 971 047f 17       		.uleb128 0x17
 972 0480 00000000 		.4byte	.LASF31
 973 0484 00000000 		.4byte	.LASF31
 974 0488 09       		.byte	0x9
ARM GAS  C:\Users\wenzelj\AppData\Local\Temp\cc9irQAz.s 			page 22


 975 0489 2E01     		.2byte	0x12e
 976 048b 17       		.uleb128 0x17
 977 048c 73020000 		.4byte	.LASF32
 978 0490 73020000 		.4byte	.LASF32
 979 0494 09       		.byte	0x9
 980 0495 2D01     		.2byte	0x12d
 981 0497 16       		.uleb128 0x16
 982 0498 2D020000 		.4byte	.LASF33
 983 049c 2D020000 		.4byte	.LASF33
 984 04a0 0A       		.byte	0xa
 985 04a1 22       		.byte	0x22
 986 04a2 16       		.uleb128 0x16
 987 04a3 8E020000 		.4byte	.LASF34
 988 04a7 8E020000 		.4byte	.LASF34
 989 04ab 0A       		.byte	0xa
 990 04ac 29       		.byte	0x29
 991 04ad 16       		.uleb128 0x16
 992 04ae B5020000 		.4byte	.LASF35
 993 04b2 B5020000 		.4byte	.LASF35
 994 04b6 0A       		.byte	0xa
 995 04b7 2B       		.byte	0x2b
 996 04b8 16       		.uleb128 0x16
 997 04b9 1B000000 		.4byte	.LASF36
 998 04bd 1B000000 		.4byte	.LASF36
 999 04c1 0A       		.byte	0xa
 1000 04c2 28       		.byte	0x28
 1001 04c3 16       		.uleb128 0x16
 1002 04c4 B8010000 		.4byte	.LASF37
 1003 04c8 B8010000 		.4byte	.LASF37
 1004 04cc 0A       		.byte	0xa
 1005 04cd 23       		.byte	0x23
 1006 04ce 16       		.uleb128 0x16
 1007 04cf 5A020000 		.4byte	.LASF38
 1008 04d3 5A020000 		.4byte	.LASF38
 1009 04d7 0A       		.byte	0xa
 1010 04d8 2D       		.byte	0x2d
 1011 04d9 16       		.uleb128 0x16
 1012 04da 3A020000 		.4byte	.LASF39
 1013 04de 3A020000 		.4byte	.LASF39
 1014 04e2 0A       		.byte	0xa
 1015 04e3 2E       		.byte	0x2e
 1016 04e4 16       		.uleb128 0x16
 1017 04e5 F9010000 		.4byte	.LASF40
 1018 04e9 F9010000 		.4byte	.LASF40
 1019 04ed 0A       		.byte	0xa
 1020 04ee 31       		.byte	0x31
 1021 04ef 16       		.uleb128 0x16
 1022 04f0 99000000 		.4byte	.LASF41
 1023 04f4 99000000 		.4byte	.LASF41
 1024 04f8 0A       		.byte	0xa
 1025 04f9 30       		.byte	0x30
 1026 04fa 16       		.uleb128 0x16
 1027 04fb B1000000 		.4byte	.LASF42
 1028 04ff B1000000 		.4byte	.LASF42
 1029 0503 0A       		.byte	0xa
 1030 0504 2F       		.byte	0x2f
 1031 0505 16       		.uleb128 0x16
ARM GAS  C:\Users\wenzelj\AppData\Local\Temp\cc9irQAz.s 			page 23


 1032 0506 04030000 		.4byte	.LASF43
 1033 050a 04030000 		.4byte	.LASF43
 1034 050e 0B       		.byte	0xb
 1035 050f E7       		.byte	0xe7
 1036 0510 16       		.uleb128 0x16
 1037 0511 F0020000 		.4byte	.LASF44
 1038 0515 F0020000 		.4byte	.LASF44
 1039 0519 08       		.byte	0x8
 1040 051a 3D       		.byte	0x3d
 1041 051b 16       		.uleb128 0x16
 1042 051c D5010000 		.4byte	.LASF45
 1043 0520 D5010000 		.4byte	.LASF45
 1044 0524 08       		.byte	0x8
 1045 0525 3C       		.byte	0x3c
 1046 0526 16       		.uleb128 0x16
 1047 0527 34000000 		.4byte	.LASF46
 1048 052b 34000000 		.4byte	.LASF46
 1049 052f 0A       		.byte	0xa
 1050 0530 32       		.byte	0x32
 1051 0531 00       		.byte	0
 1052              		.section	.debug_abbrev,"",%progbits
 1053              	.Ldebug_abbrev0:
 1054 0000 01       		.uleb128 0x1
 1055 0001 11       		.uleb128 0x11
 1056 0002 01       		.byte	0x1
 1057 0003 25       		.uleb128 0x25
 1058 0004 0E       		.uleb128 0xe
 1059 0005 13       		.uleb128 0x13
 1060 0006 0B       		.uleb128 0xb
 1061 0007 03       		.uleb128 0x3
 1062 0008 0E       		.uleb128 0xe
 1063 0009 1B       		.uleb128 0x1b
 1064 000a 0E       		.uleb128 0xe
 1065 000b 55       		.uleb128 0x55
 1066 000c 17       		.uleb128 0x17
 1067 000d 11       		.uleb128 0x11
 1068 000e 01       		.uleb128 0x1
 1069 000f 10       		.uleb128 0x10
 1070 0010 17       		.uleb128 0x17
 1071 0011 00       		.byte	0
 1072 0012 00       		.byte	0
 1073 0013 02       		.uleb128 0x2
 1074 0014 24       		.uleb128 0x24
 1075 0015 00       		.byte	0
 1076 0016 0B       		.uleb128 0xb
 1077 0017 0B       		.uleb128 0xb
 1078 0018 3E       		.uleb128 0x3e
 1079 0019 0B       		.uleb128 0xb
 1080 001a 03       		.uleb128 0x3
 1081 001b 0E       		.uleb128 0xe
 1082 001c 00       		.byte	0
 1083 001d 00       		.byte	0
 1084 001e 03       		.uleb128 0x3
 1085 001f 16       		.uleb128 0x16
 1086 0020 00       		.byte	0
 1087 0021 03       		.uleb128 0x3
 1088 0022 0E       		.uleb128 0xe
ARM GAS  C:\Users\wenzelj\AppData\Local\Temp\cc9irQAz.s 			page 24


 1089 0023 3A       		.uleb128 0x3a
 1090 0024 0B       		.uleb128 0xb
 1091 0025 3B       		.uleb128 0x3b
 1092 0026 0B       		.uleb128 0xb
 1093 0027 49       		.uleb128 0x49
 1094 0028 13       		.uleb128 0x13
 1095 0029 00       		.byte	0
 1096 002a 00       		.byte	0
 1097 002b 04       		.uleb128 0x4
 1098 002c 24       		.uleb128 0x24
 1099 002d 00       		.byte	0
 1100 002e 0B       		.uleb128 0xb
 1101 002f 0B       		.uleb128 0xb
 1102 0030 3E       		.uleb128 0x3e
 1103 0031 0B       		.uleb128 0xb
 1104 0032 03       		.uleb128 0x3
 1105 0033 08       		.uleb128 0x8
 1106 0034 00       		.byte	0
 1107 0035 00       		.byte	0
 1108 0036 05       		.uleb128 0x5
 1109 0037 16       		.uleb128 0x16
 1110 0038 00       		.byte	0
 1111 0039 03       		.uleb128 0x3
 1112 003a 0E       		.uleb128 0xe
 1113 003b 3A       		.uleb128 0x3a
 1114 003c 0B       		.uleb128 0xb
 1115 003d 3B       		.uleb128 0x3b
 1116 003e 05       		.uleb128 0x5
 1117 003f 49       		.uleb128 0x49
 1118 0040 13       		.uleb128 0x13
 1119 0041 00       		.byte	0
 1120 0042 00       		.byte	0
 1121 0043 06       		.uleb128 0x6
 1122 0044 01       		.uleb128 0x1
 1123 0045 01       		.byte	0x1
 1124 0046 49       		.uleb128 0x49
 1125 0047 13       		.uleb128 0x13
 1126 0048 01       		.uleb128 0x1
 1127 0049 13       		.uleb128 0x13
 1128 004a 00       		.byte	0
 1129 004b 00       		.byte	0
 1130 004c 07       		.uleb128 0x7
 1131 004d 21       		.uleb128 0x21
 1132 004e 00       		.byte	0
 1133 004f 49       		.uleb128 0x49
 1134 0050 13       		.uleb128 0x13
 1135 0051 2F       		.uleb128 0x2f
 1136 0052 0B       		.uleb128 0xb
 1137 0053 00       		.byte	0
 1138 0054 00       		.byte	0
 1139 0055 08       		.uleb128 0x8
 1140 0056 2E       		.uleb128 0x2e
 1141 0057 01       		.byte	0x1
 1142 0058 3F       		.uleb128 0x3f
 1143 0059 19       		.uleb128 0x19
 1144 005a 03       		.uleb128 0x3
 1145 005b 0E       		.uleb128 0xe
ARM GAS  C:\Users\wenzelj\AppData\Local\Temp\cc9irQAz.s 			page 25


 1146 005c 3A       		.uleb128 0x3a
 1147 005d 0B       		.uleb128 0xb
 1148 005e 3B       		.uleb128 0x3b
 1149 005f 0B       		.uleb128 0xb
 1150 0060 49       		.uleb128 0x49
 1151 0061 13       		.uleb128 0x13
 1152 0062 8701     		.uleb128 0x87
 1153 0064 19       		.uleb128 0x19
 1154 0065 11       		.uleb128 0x11
 1155 0066 01       		.uleb128 0x1
 1156 0067 12       		.uleb128 0x12
 1157 0068 06       		.uleb128 0x6
 1158 0069 40       		.uleb128 0x40
 1159 006a 18       		.uleb128 0x18
 1160 006b 9742     		.uleb128 0x2117
 1161 006d 19       		.uleb128 0x19
 1162 006e 01       		.uleb128 0x1
 1163 006f 13       		.uleb128 0x13
 1164 0070 00       		.byte	0
 1165 0071 00       		.byte	0
 1166 0072 09       		.uleb128 0x9
 1167 0073 34       		.uleb128 0x34
 1168 0074 00       		.byte	0
 1169 0075 03       		.uleb128 0x3
 1170 0076 0E       		.uleb128 0xe
 1171 0077 3A       		.uleb128 0x3a
 1172 0078 0B       		.uleb128 0xb
 1173 0079 3B       		.uleb128 0x3b
 1174 007a 0B       		.uleb128 0xb
 1175 007b 49       		.uleb128 0x49
 1176 007c 13       		.uleb128 0x13
 1177 007d 02       		.uleb128 0x2
 1178 007e 17       		.uleb128 0x17
 1179 007f 00       		.byte	0
 1180 0080 00       		.byte	0
 1181 0081 0A       		.uleb128 0xa
 1182 0082 34       		.uleb128 0x34
 1183 0083 00       		.byte	0
 1184 0084 03       		.uleb128 0x3
 1185 0085 0E       		.uleb128 0xe
 1186 0086 3A       		.uleb128 0x3a
 1187 0087 0B       		.uleb128 0xb
 1188 0088 3B       		.uleb128 0x3b
 1189 0089 0B       		.uleb128 0xb
 1190 008a 49       		.uleb128 0x49
 1191 008b 13       		.uleb128 0x13
 1192 008c 02       		.uleb128 0x2
 1193 008d 18       		.uleb128 0x18
 1194 008e 00       		.byte	0
 1195 008f 00       		.byte	0
 1196 0090 0B       		.uleb128 0xb
 1197 0091 0B       		.uleb128 0xb
 1198 0092 01       		.byte	0x1
 1199 0093 11       		.uleb128 0x11
 1200 0094 01       		.uleb128 0x1
 1201 0095 12       		.uleb128 0x12
 1202 0096 06       		.uleb128 0x6
ARM GAS  C:\Users\wenzelj\AppData\Local\Temp\cc9irQAz.s 			page 26


 1203 0097 01       		.uleb128 0x1
 1204 0098 13       		.uleb128 0x13
 1205 0099 00       		.byte	0
 1206 009a 00       		.byte	0
 1207 009b 0C       		.uleb128 0xc
 1208 009c 34       		.uleb128 0x34
 1209 009d 00       		.byte	0
 1210 009e 03       		.uleb128 0x3
 1211 009f 08       		.uleb128 0x8
 1212 00a0 3A       		.uleb128 0x3a
 1213 00a1 0B       		.uleb128 0xb
 1214 00a2 3B       		.uleb128 0x3b
 1215 00a3 0B       		.uleb128 0xb
 1216 00a4 49       		.uleb128 0x49
 1217 00a5 13       		.uleb128 0x13
 1218 00a6 02       		.uleb128 0x2
 1219 00a7 17       		.uleb128 0x17
 1220 00a8 00       		.byte	0
 1221 00a9 00       		.byte	0
 1222 00aa 0D       		.uleb128 0xd
 1223 00ab 0B       		.uleb128 0xb
 1224 00ac 01       		.byte	0x1
 1225 00ad 11       		.uleb128 0x11
 1226 00ae 01       		.uleb128 0x1
 1227 00af 12       		.uleb128 0x12
 1228 00b0 06       		.uleb128 0x6
 1229 00b1 00       		.byte	0
 1230 00b2 00       		.byte	0
 1231 00b3 0E       		.uleb128 0xe
 1232 00b4 898201   		.uleb128 0x4109
 1233 00b7 01       		.byte	0x1
 1234 00b8 11       		.uleb128 0x11
 1235 00b9 01       		.uleb128 0x1
 1236 00ba 31       		.uleb128 0x31
 1237 00bb 13       		.uleb128 0x13
 1238 00bc 01       		.uleb128 0x1
 1239 00bd 13       		.uleb128 0x13
 1240 00be 00       		.byte	0
 1241 00bf 00       		.byte	0
 1242 00c0 0F       		.uleb128 0xf
 1243 00c1 8A8201   		.uleb128 0x410a
 1244 00c4 00       		.byte	0
 1245 00c5 02       		.uleb128 0x2
 1246 00c6 18       		.uleb128 0x18
 1247 00c7 9142     		.uleb128 0x2111
 1248 00c9 18       		.uleb128 0x18
 1249 00ca 00       		.byte	0
 1250 00cb 00       		.byte	0
 1251 00cc 10       		.uleb128 0x10
 1252 00cd 898201   		.uleb128 0x4109
 1253 00d0 01       		.byte	0x1
 1254 00d1 11       		.uleb128 0x11
 1255 00d2 01       		.uleb128 0x1
 1256 00d3 31       		.uleb128 0x31
 1257 00d4 13       		.uleb128 0x13
 1258 00d5 00       		.byte	0
 1259 00d6 00       		.byte	0
ARM GAS  C:\Users\wenzelj\AppData\Local\Temp\cc9irQAz.s 			page 27


 1260 00d7 11       		.uleb128 0x11
 1261 00d8 898201   		.uleb128 0x4109
 1262 00db 00       		.byte	0
 1263 00dc 11       		.uleb128 0x11
 1264 00dd 01       		.uleb128 0x1
 1265 00de 31       		.uleb128 0x31
 1266 00df 13       		.uleb128 0x13
 1267 00e0 00       		.byte	0
 1268 00e1 00       		.byte	0
 1269 00e2 12       		.uleb128 0x12
 1270 00e3 34       		.uleb128 0x34
 1271 00e4 00       		.byte	0
 1272 00e5 03       		.uleb128 0x3
 1273 00e6 0E       		.uleb128 0xe
 1274 00e7 3A       		.uleb128 0x3a
 1275 00e8 0B       		.uleb128 0xb
 1276 00e9 3B       		.uleb128 0x3b
 1277 00ea 05       		.uleb128 0x5
 1278 00eb 49       		.uleb128 0x49
 1279 00ec 13       		.uleb128 0x13
 1280 00ed 3F       		.uleb128 0x3f
 1281 00ee 19       		.uleb128 0x19
 1282 00ef 3C       		.uleb128 0x3c
 1283 00f0 19       		.uleb128 0x19
 1284 00f1 00       		.byte	0
 1285 00f2 00       		.byte	0
 1286 00f3 13       		.uleb128 0x13
 1287 00f4 35       		.uleb128 0x35
 1288 00f5 00       		.byte	0
 1289 00f6 49       		.uleb128 0x49
 1290 00f7 13       		.uleb128 0x13
 1291 00f8 00       		.byte	0
 1292 00f9 00       		.byte	0
 1293 00fa 14       		.uleb128 0x14
 1294 00fb 0F       		.uleb128 0xf
 1295 00fc 00       		.byte	0
 1296 00fd 0B       		.uleb128 0xb
 1297 00fe 0B       		.uleb128 0xb
 1298 00ff 49       		.uleb128 0x49
 1299 0100 13       		.uleb128 0x13
 1300 0101 00       		.byte	0
 1301 0102 00       		.byte	0
 1302 0103 15       		.uleb128 0x15
 1303 0104 34       		.uleb128 0x34
 1304 0105 00       		.byte	0
 1305 0106 03       		.uleb128 0x3
 1306 0107 0E       		.uleb128 0xe
 1307 0108 3A       		.uleb128 0x3a
 1308 0109 0B       		.uleb128 0xb
 1309 010a 3B       		.uleb128 0x3b
 1310 010b 0B       		.uleb128 0xb
 1311 010c 49       		.uleb128 0x49
 1312 010d 13       		.uleb128 0x13
 1313 010e 3F       		.uleb128 0x3f
 1314 010f 19       		.uleb128 0x19
 1315 0110 02       		.uleb128 0x2
 1316 0111 18       		.uleb128 0x18
ARM GAS  C:\Users\wenzelj\AppData\Local\Temp\cc9irQAz.s 			page 28


 1317 0112 00       		.byte	0
 1318 0113 00       		.byte	0
 1319 0114 16       		.uleb128 0x16
 1320 0115 2E       		.uleb128 0x2e
 1321 0116 00       		.byte	0
 1322 0117 3F       		.uleb128 0x3f
 1323 0118 19       		.uleb128 0x19
 1324 0119 3C       		.uleb128 0x3c
 1325 011a 19       		.uleb128 0x19
 1326 011b 6E       		.uleb128 0x6e
 1327 011c 0E       		.uleb128 0xe
 1328 011d 03       		.uleb128 0x3
 1329 011e 0E       		.uleb128 0xe
 1330 011f 3A       		.uleb128 0x3a
 1331 0120 0B       		.uleb128 0xb
 1332 0121 3B       		.uleb128 0x3b
 1333 0122 0B       		.uleb128 0xb
 1334 0123 00       		.byte	0
 1335 0124 00       		.byte	0
 1336 0125 17       		.uleb128 0x17
 1337 0126 2E       		.uleb128 0x2e
 1338 0127 00       		.byte	0
 1339 0128 3F       		.uleb128 0x3f
 1340 0129 19       		.uleb128 0x19
 1341 012a 3C       		.uleb128 0x3c
 1342 012b 19       		.uleb128 0x19
 1343 012c 6E       		.uleb128 0x6e
 1344 012d 0E       		.uleb128 0xe
 1345 012e 03       		.uleb128 0x3
 1346 012f 0E       		.uleb128 0xe
 1347 0130 3A       		.uleb128 0x3a
 1348 0131 0B       		.uleb128 0xb
 1349 0132 3B       		.uleb128 0x3b
 1350 0133 05       		.uleb128 0x5
 1351 0134 00       		.byte	0
 1352 0135 00       		.byte	0
 1353 0136 00       		.byte	0
 1354              		.section	.debug_loc,"",%progbits
 1355              	.Ldebug_loc0:
 1356              	.LLST0:
 1357 0000 3A000000 		.4byte	.LVL7
 1358 0004 40000000 		.4byte	.LVL8
 1359 0008 0100     		.2byte	0x1
 1360 000a 50       		.byte	0x50
 1361 000b 00000000 		.4byte	0
 1362 000f 00000000 		.4byte	0
 1363              	.LLST1:
 1364 0013 D8000000 		.4byte	.LVL27
 1365 0017 E7000000 		.4byte	.LVL28-1
 1366 001b 0100     		.2byte	0x1
 1367 001d 50       		.byte	0x50
 1368 001e 44010000 		.4byte	.LVL38
 1369 0022 60010000 		.4byte	.LVL39
 1370 0026 0100     		.2byte	0x1
 1371 0028 50       		.byte	0x50
 1372 0029 00000000 		.4byte	0
 1373 002d 00000000 		.4byte	0
ARM GAS  C:\Users\wenzelj\AppData\Local\Temp\cc9irQAz.s 			page 29


 1374              	.LLST2:
 1375 0031 4C000000 		.4byte	.LVL10
 1376 0035 B0000000 		.4byte	.LVL22
 1377 0039 0100     		.2byte	0x1
 1378 003b 55       		.byte	0x55
 1379 003c B2000000 		.4byte	.LVL23
 1380 0040 D4000000 		.4byte	.LVL26
 1381 0044 0100     		.2byte	0x1
 1382 0046 55       		.byte	0x55
 1383 0047 00000000 		.4byte	0
 1384 004b 00000000 		.4byte	0
 1385              	.LLST3:
 1386 004f 54000000 		.4byte	.LVL11
 1387 0053 84000000 		.4byte	.LVL15
 1388 0057 0100     		.2byte	0x1
 1389 0059 50       		.byte	0x50
 1390 005a 00000000 		.4byte	0
 1391 005e 00000000 		.4byte	0
 1392              	.LLST4:
 1393 0062 54000000 		.4byte	.LVL11
 1394 0066 58000000 		.4byte	.LVL12
 1395 006a 0200     		.2byte	0x2
 1396 006c 30       		.byte	0x30
 1397 006d 9F       		.byte	0x9f
 1398 006e 58000000 		.4byte	.LVL12
 1399 0072 7A000000 		.4byte	.LVL13
 1400 0076 0100     		.2byte	0x1
 1401 0078 53       		.byte	0x53
 1402 0079 7C000000 		.4byte	.LVL14
 1403 007d 84000000 		.4byte	.LVL15
 1404 0081 0100     		.2byte	0x1
 1405 0083 53       		.byte	0x53
 1406 0084 00000000 		.4byte	0
 1407 0088 00000000 		.4byte	0
 1408              	.LLST5:
 1409 008c 84000000 		.4byte	.LVL15
 1410 0090 A8000000 		.4byte	.LVL20
 1411 0094 0100     		.2byte	0x1
 1412 0096 54       		.byte	0x54
 1413 0097 AA000000 		.4byte	.LVL21
 1414 009b B2000000 		.4byte	.LVL23
 1415 009f 0100     		.2byte	0x1
 1416 00a1 54       		.byte	0x54
 1417 00a2 00000000 		.4byte	0
 1418 00a6 00000000 		.4byte	0
 1419              		.section	.debug_aranges,"",%progbits
 1420 0000 1C000000 		.4byte	0x1c
 1421 0004 0200     		.2byte	0x2
 1422 0006 00000000 		.4byte	.Ldebug_info0
 1423 000a 04       		.byte	0x4
 1424 000b 00       		.byte	0
 1425 000c 0000     		.2byte	0
 1426 000e 0000     		.2byte	0
 1427 0010 00000000 		.4byte	.LFB64
 1428 0014 9C010000 		.4byte	.LFE64-.LFB64
 1429 0018 00000000 		.4byte	0
 1430 001c 00000000 		.4byte	0
ARM GAS  C:\Users\wenzelj\AppData\Local\Temp\cc9irQAz.s 			page 30


 1431              		.section	.debug_ranges,"",%progbits
 1432              	.Ldebug_ranges0:
 1433 0000 00000000 		.4byte	.LFB64
 1434 0004 9C010000 		.4byte	.LFE64
 1435 0008 00000000 		.4byte	0
 1436 000c 00000000 		.4byte	0
 1437              		.section	.debug_line,"",%progbits
 1438              	.Ldebug_line0:
 1439 0000 94020000 		.section	.debug_str,"MS",%progbits,1
 1439      0200F101 
 1439      00000201 
 1439      FB0E0D00 
 1439      01010101 
 1440              	.LASF31:
 1441 0000 5553425F 		.ascii	"USB_IsConfigurationChanged\000"
 1441      4973436F 
 1441      6E666967 
 1441      75726174 
 1441      696F6E43 
 1442              	.LASF36:
 1443 001b 5553425F 		.ascii	"USB_CDCIsReady\000"
 1443      43444349 
 1443      73526561 
 1443      647900
 1444              	.LASF9:
 1445 002a 5F5F696E 		.ascii	"__int32_t\000"
 1445      7433325F 
 1445      7400
 1446              	.LASF46:
 1447 0034 5553425F 		.ascii	"USB_GetLineControl\000"
 1447      4765744C 
 1447      696E6543 
 1447      6F6E7472 
 1447      6F6C00
 1448              	.LASF49:
 1449 0047 443A5C4D 		.ascii	"D:\\MyDocs\\Documents\\PSoC Creator\\Network_Projec"
 1449      79446F63 
 1449      735C446F 
 1449      63756D65 
 1449      6E74735C 
 1450 0076 745C5472 		.ascii	"t\\Transmitter.cydsn\000"
 1450      616E736D 
 1450      69747465 
 1450      722E6379 
 1450      64736E00 
 1451              	.LASF22:
 1452 008a 73746174 		.ascii	"state\000"
 1452      6500
 1453              	.LASF27:
 1454 0090 54585F57 		.ascii	"TX_Write\000"
 1454      72697465 
 1454      00
 1455              	.LASF41:
 1456 0099 5553425F 		.ascii	"USB_GetParityType\000"
 1456      47657450 
 1456      61726974 
 1456      79547970 
ARM GAS  C:\Users\wenzelj\AppData\Local\Temp\cc9irQAz.s 			page 31


 1456      6500
 1457              	.LASF13:
 1458 00ab 666C6F61 		.ascii	"float\000"
 1458      7400
 1459              	.LASF42:
 1460 00b1 5553425F 		.ascii	"USB_GetCharFormat\000"
 1460      47657443 
 1460      68617246 
 1460      6F726D61 
 1460      7400
 1461              	.LASF6:
 1462 00c3 6C6F6E67 		.ascii	"long long int\000"
 1462      206C6F6E 
 1462      6720696E 
 1462      7400
 1463              	.LASF1:
 1464 00d1 756E7369 		.ascii	"unsigned char\000"
 1464      676E6564 
 1464      20636861 
 1464      7200
 1465              	.LASF47:
 1466 00df 474E5520 		.ascii	"GNU C11 5.4.1 20160609 (release) [ARM/embedded-5-br"
 1466      43313120 
 1466      352E342E 
 1466      31203230 
 1466      31363036 
 1467 0112 616E6368 		.ascii	"anch revision 237715] -mcpu=cortex-m3 -mthumb -g -O"
 1467      20726576 
 1467      6973696F 
 1467      6E203233 
 1467      37373135 
 1468 0145 67202D66 		.ascii	"g -ffunction-sections -ffat-lto-objects\000"
 1468      66756E63 
 1468      74696F6E 
 1468      2D736563 
 1468      74696F6E 
 1469              	.LASF15:
 1470 016d 63686172 		.ascii	"char8\000"
 1470      3800
 1471              	.LASF5:
 1472 0173 6C6F6E67 		.ascii	"long unsigned int\000"
 1472      20756E73 
 1472      69676E65 
 1472      6420696E 
 1472      7400
 1473              	.LASF3:
 1474 0185 73686F72 		.ascii	"short unsigned int\000"
 1474      7420756E 
 1474      7369676E 
 1474      65642069 
 1474      6E7400
 1475              	.LASF26:
 1476 0198 73746F70 		.ascii	"stop\000"
 1476      00
 1477              	.LASF24:
 1478 019d 49544D5F 		.ascii	"ITM_RxBuffer\000"
 1478      52784275 
ARM GAS  C:\Users\wenzelj\AppData\Local\Temp\cc9irQAz.s 			page 32


 1478      66666572 
 1478      00
 1479              	.LASF14:
 1480 01aa 646F7562 		.ascii	"double\000"
 1480      6C6500
 1481              	.LASF12:
 1482 01b1 75696E74 		.ascii	"uint16\000"
 1482      313600
 1483              	.LASF37:
 1484 01b8 5553425F 		.ascii	"USB_PutData\000"
 1484      50757444 
 1484      61746100 
 1485              	.LASF50:
 1486 01c4 6D61696E 		.ascii	"main\000"
 1486      00
 1487              	.LASF21:
 1488 01c9 63686172 		.ascii	"char_buffer\000"
 1488      5F627566 
 1488      66657200 
 1489              	.LASF45:
 1490 01d5 4C43445F 		.ascii	"LCD_PrintString\000"
 1490      5072696E 
 1490      74537472 
 1490      696E6700 
 1491              	.LASF28:
 1492 01e5 43794465 		.ascii	"CyDelayUs\000"
 1492      6C617955 
 1492      7300
 1493              	.LASF30:
 1494 01ef 5553425F 		.ascii	"USB_Start\000"
 1494      53746172 
 1494      7400
 1495              	.LASF40:
 1496 01f9 5553425F 		.ascii	"USB_GetDataBits\000"
 1496      47657444 
 1496      61746142 
 1496      69747300 
 1497              	.LASF8:
 1498 0209 756E7369 		.ascii	"unsigned int\000"
 1498      676E6564 
 1498      20696E74 
 1498      00
 1499              	.LASF7:
 1500 0216 6C6F6E67 		.ascii	"long long unsigned int\000"
 1500      206C6F6E 
 1500      6720756E 
 1500      7369676E 
 1500      65642069 
 1501              	.LASF33:
 1502 022d 5553425F 		.ascii	"USB_CDC_Init\000"
 1502      4344435F 
 1502      496E6974 
 1502      00
 1503              	.LASF39:
 1504 023a 5553425F 		.ascii	"USB_GetDTERate\000"
 1504      47657444 
 1504      54455261 
ARM GAS  C:\Users\wenzelj\AppData\Local\Temp\cc9irQAz.s 			page 33


 1504      746500
 1505              	.LASF10:
 1506 0249 696E7433 		.ascii	"int32_t\000"
 1506      325F7400 
 1507              	.LASF18:
 1508 0251 73697A65 		.ascii	"sizetype\000"
 1508      74797065 
 1508      00
 1509              	.LASF38:
 1510 025a 5553425F 		.ascii	"USB_IsLineChanged\000"
 1510      49734C69 
 1510      6E654368 
 1510      616E6765 
 1510      6400
 1511              	.LASF48:
 1512 026c 6D61696E 		.ascii	"main.c\000"
 1512      2E6300
 1513              	.LASF32:
 1514 0273 5553425F 		.ascii	"USB_GetConfiguration\000"
 1514      47657443 
 1514      6F6E6669 
 1514      67757261 
 1514      74696F6E 
 1515              	.LASF19:
 1516 0288 636F756E 		.ascii	"count\000"
 1516      7400
 1517              	.LASF34:
 1518 028e 5553425F 		.ascii	"USB_DataIsReady\000"
 1518      44617461 
 1518      49735265 
 1518      61647900 
 1519              	.LASF2:
 1520 029e 73686F72 		.ascii	"short int\000"
 1520      7420696E 
 1520      7400
 1521              	.LASF20:
 1522 02a8 62756666 		.ascii	"buffer\000"
 1522      657200
 1523              	.LASF11:
 1524 02af 75696E74 		.ascii	"uint8\000"
 1524      3800
 1525              	.LASF35:
 1526 02b5 5553425F 		.ascii	"USB_GetAll\000"
 1526      47657441 
 1526      6C6C00
 1527              	.LASF29:
 1528 02c0 4C43445F 		.ascii	"LCD_Start\000"
 1528      53746172 
 1528      7400
 1529              	.LASF4:
 1530 02ca 6C6F6E67 		.ascii	"long int\000"
 1530      20696E74 
 1530      00
 1531              	.LASF16:
 1532 02d3 63686172 		.ascii	"char\000"
 1532      00
 1533              	.LASF17:
ARM GAS  C:\Users\wenzelj\AppData\Local\Temp\cc9irQAz.s 			page 34


 1534 02d8 6C6F6E67 		.ascii	"long double\000"
 1534      20646F75 
 1534      626C6500 
 1535              	.LASF0:
 1536 02e4 7369676E 		.ascii	"signed char\000"
 1536      65642063 
 1536      68617200 
 1537              	.LASF44:
 1538 02f0 4C43445F 		.ascii	"LCD_Position\000"
 1538      506F7369 
 1538      74696F6E 
 1538      00
 1539              	.LASF25:
 1540 02fd 70617269 		.ascii	"parity\000"
 1540      747900
 1541              	.LASF43:
 1542 0304 73707269 		.ascii	"sprintf\000"
 1542      6E746600 
 1543              	.LASF23:
 1544 030c 6C696E65 		.ascii	"lineStr\000"
 1544      53747200 
 1545              		.ident	"GCC: (GNU Tools for ARM Embedded Processors) 5.4.1 20160609 (release) [ARM/embedded-5-bran
