ARM GAS  C:\Users\wenzelj\AppData\Local\Temp\ccQ85fBZ.s 			page 1


   1              		.syntax unified
   2              		.cpu cortex-m3
   3              		.fpu softvfp
   4              		.eabi_attribute 20, 1
   5              		.eabi_attribute 21, 1
   6              		.eabi_attribute 23, 3
   7              		.eabi_attribute 24, 1
   8              		.eabi_attribute 25, 1
   9              		.eabi_attribute 26, 1
  10              		.eabi_attribute 30, 1
  11              		.eabi_attribute 34, 1
  12              		.eabi_attribute 18, 4
  13              		.thumb
  14              		.syntax unified
  15              		.file	"main.c"
  16              		.text
  17              	.Ltext0:
  18              		.cfi_sections	.debug_frame
  19              		.section	.text.Read_Pin_Handler,"ax",%progbits
  20              		.align	2
  21              		.global	Read_Pin_Handler
  22              		.thumb
  23              		.thumb_func
  24              		.type	Read_Pin_Handler, %function
  25              	Read_Pin_Handler:
  26              	.LFB63:
  27              		.file 1 "main.c"
   1:main.c        **** /* ========================================
   2:main.c        ****  *
   3:main.c        ****  * Copyright YOUR COMPANY, THE YEAR
   4:main.c        ****  * All Rights Reserved
   5:main.c        ****  * UNPUBLISHED, LICENSED SOFTWARE.
   6:main.c        ****  *
   7:main.c        ****  * CONFIDENTIAL AND PROPRIETARY INFORMATION
   8:main.c        ****  * WHICH IS THE PROPERTY OF your company.
   9:main.c        ****  *
  10:main.c        ****  * ========================================
  11:main.c        **** */
  12:main.c        **** #include "project.h"
  13:main.c        **** enum state {idle, collision, busy_high, busy_low} systemState;
  14:main.c        **** 
  15:main.c        **** CY_ISR(Read_Pin_Handler){
  28              		.loc 1 15 0
  29              		.cfi_startproc
  30              		@ args = 0, pretend = 0, frame = 0
  31              		@ frame_needed = 0, uses_anonymous_args = 0
  32 0000 08B5     		push	{r3, lr}
  33              		.cfi_def_cfa_offset 8
  34              		.cfi_offset 3, -8
  35              		.cfi_offset 14, -4
  16:main.c        ****     //If 0, we went from high to low
  17:main.c        ****     //Else, we went from low to high
  18:main.c        ****     if(Read_Pin_Read() == 0){
  36              		.loc 1 18 0
  37 0002 FFF7FEFF 		bl	Read_Pin_Read
  38              	.LVL0:
  39 0006 38B9     		cbnz	r0, .L2
ARM GAS  C:\Users\wenzelj\AppData\Local\Temp\ccQ85fBZ.s 			page 2


  19:main.c        ****         switch(systemState){
  40              		.loc 1 19 0
  41 0008 084B     		ldr	r3, .L7
  42 000a 1B78     		ldrb	r3, [r3]	@ zero_extendqisi2
  43 000c 022B     		cmp	r3, #2
  44 000e 09D1     		bne	.L3
  20:main.c        ****             case idle:
  21:main.c        ****             //If we are idle and the signal was just high, 
  22:main.c        ****             //Ignore it
  23:main.c        ****             break;
  24:main.c        ****             case collision:
  25:main.c        ****             
  26:main.c        ****             break;
  27:main.c        ****             
  28:main.c        ****             case busy_high:
  29:main.c        ****             //Signal either is stopped or isn't, set to busy_low 
  30:main.c        ****             //and start a timer for 7.5ms
  31:main.c        ****             systemState=busy_low;
  45              		.loc 1 31 0
  46 0010 0322     		movs	r2, #3
  47 0012 064B     		ldr	r3, .L7
  48 0014 1A70     		strb	r2, [r3]
  32:main.c        ****             break;
  49              		.loc 1 32 0
  50 0016 05E0     		b	.L3
  51              	.L2:
  33:main.c        ****             case busy_low:
  34:main.c        ****             
  35:main.c        ****             break;
  36:main.c        ****          
  37:main.c        ****         }
  38:main.c        ****     }else{
  39:main.c        ****         switch(systemState){
  52              		.loc 1 39 0
  53 0018 044B     		ldr	r3, .L7
  54 001a 1B78     		ldrb	r3, [r3]	@ zero_extendqisi2
  55 001c 13B9     		cbnz	r3, .L3
  40:main.c        ****             case idle:
  41:main.c        ****             //Set it to busy and start a 0.6ms timer, we got a signal
  42:main.c        ****             systemState = busy_high;
  56              		.loc 1 42 0
  57 001e 0222     		movs	r2, #2
  58 0020 024B     		ldr	r3, .L7
  59 0022 1A70     		strb	r2, [r3]
  60              	.L3:
  43:main.c        ****             break;
  44:main.c        ****             case collision:
  45:main.c        ****             
  46:main.c        ****             break;
  47:main.c        ****             
  48:main.c        ****             case busy_high:
  49:main.c        ****             
  50:main.c        ****             break;
  51:main.c        ****             case busy_low:
  52:main.c        ****             
  53:main.c        ****             break;
  54:main.c        ****         }
ARM GAS  C:\Users\wenzelj\AppData\Local\Temp\ccQ85fBZ.s 			page 3


  55:main.c        ****     }
  56:main.c        ****     Read_Pin_ClearInterrupt();
  61              		.loc 1 56 0
  62 0024 FFF7FEFF 		bl	Read_Pin_ClearInterrupt
  63              	.LVL1:
  64 0028 08BD     		pop	{r3, pc}
  65              	.L8:
  66 002a 00BF     		.align	2
  67              	.L7:
  68 002c 00000000 		.word	systemState
  69              		.cfi_endproc
  70              	.LFE63:
  71              		.size	Read_Pin_Handler, .-Read_Pin_Handler
  72              		.section	.text.main,"ax",%progbits
  73              		.align	2
  74              		.global	main
  75              		.thumb
  76              		.thumb_func
  77              		.type	main, %function
  78              	main:
  79              	.LFB64:
  57:main.c        **** }
  58:main.c        **** 
  59:main.c        **** int main(void)
  60:main.c        **** {
  80              		.loc 1 60 0
  81              		.cfi_startproc
  82              		@ Volatile: function does not return.
  83              		@ args = 0, pretend = 0, frame = 0
  84              		@ frame_needed = 0, uses_anonymous_args = 0
  85 0000 08B5     		push	{r3, lr}
  86              		.cfi_def_cfa_offset 8
  87              		.cfi_offset 3, -8
  88              		.cfi_offset 14, -4
  61:main.c        ****     CyGlobalIntEnable; /* Enable global interrupts. */
  89              		.loc 1 61 0
  90              		.syntax unified
  91              	@ 61 "main.c" 1
  92 0002 62B6     		CPSIE   i
  93              	@ 0 "" 2
  62:main.c        ****     Read_Pin_ISR_StartEx(Read_Pin_Handler);
  94              		.loc 1 62 0
  95              		.thumb
  96              		.syntax unified
  97 0004 1A48     		ldr	r0, .L19
  98 0006 FFF7FEFF 		bl	Read_Pin_ISR_StartEx
  99              	.LVL2:
  63:main.c        ****     /* Place your initialization/startup code here (e.g. MyInst_Start()) */
  64:main.c        ****     systemState=idle;
 100              		.loc 1 64 0
 101 000a 0022     		movs	r2, #0
 102 000c 194B     		ldr	r3, .L19+4
 103 000e 1A70     		strb	r2, [r3]
 104              	.L11:
  65:main.c        ****     for(;;)
  66:main.c        ****     {
  67:main.c        ****        switch(systemState){
ARM GAS  C:\Users\wenzelj\AppData\Local\Temp\ccQ85fBZ.s 			page 4


 105              		.loc 1 67 0
 106 0010 184B     		ldr	r3, .L19+4
 107 0012 1B78     		ldrb	r3, [r3]	@ zero_extendqisi2
 108 0014 032B     		cmp	r3, #3
 109 0016 FBD8     		bhi	.L11
 110 0018 DFE803F0 		tbb	[pc, r3]
 111              	.L13:
 112 001c 02       		.byte	(.L12-.L13)/2
 113 001d 0C       		.byte	(.L14-.L13)/2
 114 001e 16       		.byte	(.L15-.L13)/2
 115 001f 20       		.byte	(.L16-.L13)/2
 116              		.p2align 1
 117              	.L12:
  68:main.c        ****         case idle:
  69:main.c        ****         LED_Red_Write(0);
 118              		.loc 1 69 0
 119 0020 0020     		movs	r0, #0
 120 0022 FFF7FEFF 		bl	LED_Red_Write
 121              	.LVL3:
  70:main.c        ****         LED_Yellow_Write(0);
 122              		.loc 1 70 0
 123 0026 0020     		movs	r0, #0
 124 0028 FFF7FEFF 		bl	LED_Yellow_Write
 125              	.LVL4:
  71:main.c        ****         LED_Green_Write(1);
 126              		.loc 1 71 0
 127 002c 0120     		movs	r0, #1
 128 002e FFF7FEFF 		bl	LED_Green_Write
 129              	.LVL5:
  72:main.c        ****         break;
 130              		.loc 1 72 0
 131 0032 EDE7     		b	.L11
 132              	.L14:
  73:main.c        ****         case collision:
  74:main.c        ****         LED_Red_Write(1);
 133              		.loc 1 74 0
 134 0034 0120     		movs	r0, #1
 135 0036 FFF7FEFF 		bl	LED_Red_Write
 136              	.LVL6:
  75:main.c        ****         LED_Yellow_Write(0);
 137              		.loc 1 75 0
 138 003a 0020     		movs	r0, #0
 139 003c FFF7FEFF 		bl	LED_Yellow_Write
 140              	.LVL7:
  76:main.c        ****         LED_Green_Write(0);
 141              		.loc 1 76 0
 142 0040 0020     		movs	r0, #0
 143 0042 FFF7FEFF 		bl	LED_Green_Write
 144              	.LVL8:
  77:main.c        ****         break;
 145              		.loc 1 77 0
 146 0046 E3E7     		b	.L11
 147              	.L15:
  78:main.c        ****         case busy_high:
  79:main.c        ****         LED_Red_Write(0);
 148              		.loc 1 79 0
 149 0048 0020     		movs	r0, #0
ARM GAS  C:\Users\wenzelj\AppData\Local\Temp\ccQ85fBZ.s 			page 5


 150 004a FFF7FEFF 		bl	LED_Red_Write
 151              	.LVL9:
  80:main.c        ****         LED_Yellow_Write(1);
 152              		.loc 1 80 0
 153 004e 0120     		movs	r0, #1
 154 0050 FFF7FEFF 		bl	LED_Yellow_Write
 155              	.LVL10:
  81:main.c        ****         LED_Green_Write(0);
 156              		.loc 1 81 0
 157 0054 0020     		movs	r0, #0
 158 0056 FFF7FEFF 		bl	LED_Green_Write
 159              	.LVL11:
  82:main.c        ****         break;
 160              		.loc 1 82 0
 161 005a D9E7     		b	.L11
 162              	.L16:
  83:main.c        ****         case busy_low:
  84:main.c        ****         LED_Red_Write(0);
 163              		.loc 1 84 0
 164 005c 0020     		movs	r0, #0
 165 005e FFF7FEFF 		bl	LED_Red_Write
 166              	.LVL12:
  85:main.c        ****         LED_Yellow_Write(1);
 167              		.loc 1 85 0
 168 0062 0120     		movs	r0, #1
 169 0064 FFF7FEFF 		bl	LED_Yellow_Write
 170              	.LVL13:
  86:main.c        ****         LED_Green_Write(0);
 171              		.loc 1 86 0
 172 0068 0020     		movs	r0, #0
 173 006a FFF7FEFF 		bl	LED_Green_Write
 174              	.LVL14:
  87:main.c        ****         break;
 175              		.loc 1 87 0
 176 006e CFE7     		b	.L11
 177              	.L20:
 178              		.align	2
 179              	.L19:
 180 0070 00000000 		.word	Read_Pin_Handler
 181 0074 00000000 		.word	systemState
 182              		.cfi_endproc
 183              	.LFE64:
 184              		.size	main, .-main
 185              		.comm	systemState,1,1
 186              		.text
 187              	.Letext0:
 188              		.file 2 "c:\\program files (x86)\\cypress\\psoc creator\\4.1\\psoc creator\\import\\gnu\\arm\\5.4.
 189              		.file 3 "c:\\program files (x86)\\cypress\\psoc creator\\4.1\\psoc creator\\import\\gnu\\arm\\5.4.
 190              		.file 4 "Generated_Source\\PSoC5/core_cm3.h"
 191              		.file 5 "Generated_Source\\PSoC5/Read_Pin.h"
 192              		.file 6 "Generated_Source\\PSoC5/Read_Pin_ISR.h"
 193              		.file 7 "Generated_Source\\PSoC5/LED_Red.h"
 194              		.file 8 "Generated_Source\\PSoC5/LED_Yellow.h"
 195              		.file 9 "Generated_Source\\PSoC5/LED_Green.h"
 196              		.section	.debug_info,"",%progbits
 197              	.Ldebug_info0:
 198 0000 67020000 		.4byte	0x267
ARM GAS  C:\Users\wenzelj\AppData\Local\Temp\ccQ85fBZ.s 			page 6


 199 0004 0400     		.2byte	0x4
 200 0006 00000000 		.4byte	.Ldebug_abbrev0
 201 000a 04       		.byte	0x4
 202 000b 01       		.uleb128 0x1
 203 000c 87000000 		.4byte	.LASF28
 204 0010 0C       		.byte	0xc
 205 0011 EA010000 		.4byte	.LASF29
 206 0015 24000000 		.4byte	.LASF30
 207 0019 00000000 		.4byte	.Ldebug_ranges0+0
 208 001d 00000000 		.4byte	0
 209 0021 00000000 		.4byte	.Ldebug_line0
 210 0025 02       		.uleb128 0x2
 211 0026 01       		.byte	0x1
 212 0027 06       		.byte	0x6
 213 0028 4E020000 		.4byte	.LASF0
 214 002c 02       		.uleb128 0x2
 215 002d 01       		.byte	0x1
 216 002e 08       		.byte	0x8
 217 002f 79000000 		.4byte	.LASF1
 218 0033 02       		.uleb128 0x2
 219 0034 02       		.byte	0x2
 220 0035 05       		.byte	0x5
 221 0036 0C020000 		.4byte	.LASF2
 222 003a 02       		.uleb128 0x2
 223 003b 02       		.byte	0x2
 224 003c 07       		.byte	0x7
 225 003d 27010000 		.4byte	.LASF3
 226 0041 03       		.uleb128 0x3
 227 0042 06000000 		.4byte	.LASF9
 228 0046 02       		.byte	0x2
 229 0047 3F       		.byte	0x3f
 230 0048 4C000000 		.4byte	0x4c
 231 004c 02       		.uleb128 0x2
 232 004d 04       		.byte	0x4
 233 004e 05       		.byte	0x5
 234 004f 34020000 		.4byte	.LASF4
 235 0053 02       		.uleb128 0x2
 236 0054 04       		.byte	0x4
 237 0055 07       		.byte	0x7
 238 0056 15010000 		.4byte	.LASF5
 239 005a 02       		.uleb128 0x2
 240 005b 08       		.byte	0x8
 241 005c 05       		.byte	0x5
 242 005d DC010000 		.4byte	.LASF6
 243 0061 02       		.uleb128 0x2
 244 0062 08       		.byte	0x8
 245 0063 07       		.byte	0x7
 246 0064 AA010000 		.4byte	.LASF7
 247 0068 04       		.uleb128 0x4
 248 0069 04       		.byte	0x4
 249 006a 05       		.byte	0x5
 250 006b 696E7400 		.ascii	"int\000"
 251 006f 02       		.uleb128 0x2
 252 0070 04       		.byte	0x4
 253 0071 07       		.byte	0x7
 254 0072 85010000 		.4byte	.LASF8
 255 0076 03       		.uleb128 0x3
ARM GAS  C:\Users\wenzelj\AppData\Local\Temp\ccQ85fBZ.s 			page 7


 256 0077 C1010000 		.4byte	.LASF10
 257 007b 03       		.byte	0x3
 258 007c 2C       		.byte	0x2c
 259 007d 41000000 		.4byte	0x41
 260 0081 02       		.uleb128 0x2
 261 0082 04       		.byte	0x4
 262 0083 04       		.byte	0x4
 263 0084 1E000000 		.4byte	.LASF11
 264 0088 02       		.uleb128 0x2
 265 0089 08       		.byte	0x8
 266 008a 04       		.byte	0x4
 267 008b 47010000 		.4byte	.LASF12
 268 008f 02       		.uleb128 0x2
 269 0090 01       		.byte	0x1
 270 0091 08       		.byte	0x8
 271 0092 3D020000 		.4byte	.LASF13
 272 0096 02       		.uleb128 0x2
 273 0097 04       		.byte	0x4
 274 0098 07       		.byte	0x7
 275 0099 C9010000 		.4byte	.LASF14
 276 009d 02       		.uleb128 0x2
 277 009e 08       		.byte	0x8
 278 009f 04       		.byte	0x4
 279 00a0 42020000 		.4byte	.LASF15
 280 00a4 05       		.uleb128 0x5
 281 00a5 00000000 		.4byte	.LASF31
 282 00a9 01       		.byte	0x1
 283 00aa 2C000000 		.4byte	0x2c
 284 00ae 01       		.byte	0x1
 285 00af 0D       		.byte	0xd
 286 00b0 CD000000 		.4byte	0xcd
 287 00b4 06       		.uleb128 0x6
 288 00b5 10000000 		.4byte	.LASF16
 289 00b9 00       		.byte	0
 290 00ba 06       		.uleb128 0x6
 291 00bb D2010000 		.4byte	.LASF17
 292 00bf 01       		.byte	0x1
 293 00c0 06       		.uleb128 0x6
 294 00c1 F1010000 		.4byte	.LASF18
 295 00c5 02       		.byte	0x2
 296 00c6 06       		.uleb128 0x6
 297 00c7 15000000 		.4byte	.LASF19
 298 00cb 03       		.byte	0x3
 299 00cc 00       		.byte	0
 300 00cd 07       		.uleb128 0x7
 301 00ce FB010000 		.4byte	.LASF32
 302 00d2 01       		.byte	0x1
 303 00d3 0F       		.byte	0xf
 304 00d4 00000000 		.4byte	.LFB63
 305 00d8 30000000 		.4byte	.LFE63-.LFB63
 306 00dc 01       		.uleb128 0x1
 307 00dd 9C       		.byte	0x9c
 308 00de F5000000 		.4byte	0xf5
 309 00e2 08       		.uleb128 0x8
 310 00e3 06000000 		.4byte	.LVL0
 311 00e7 28020000 		.4byte	0x228
 312 00eb 08       		.uleb128 0x8
ARM GAS  C:\Users\wenzelj\AppData\Local\Temp\ccQ85fBZ.s 			page 8


 313 00ec 28000000 		.4byte	.LVL1
 314 00f0 33020000 		.4byte	0x233
 315 00f4 00       		.byte	0
 316 00f5 09       		.uleb128 0x9
 317 00f6 5A010000 		.4byte	.LASF33
 318 00fa 01       		.byte	0x1
 319 00fb 3B       		.byte	0x3b
 320 00fc 68000000 		.4byte	0x68
 321 0100 00000000 		.4byte	.LFB64
 322 0104 78000000 		.4byte	.LFE64-.LFB64
 323 0108 01       		.uleb128 0x1
 324 0109 9C       		.byte	0x9c
 325 010a 06020000 		.4byte	0x206
 326 010e 0A       		.uleb128 0xa
 327 010f 0A000000 		.4byte	.LVL2
 328 0113 3E020000 		.4byte	0x23e
 329 0117 25010000 		.4byte	0x125
 330 011b 0B       		.uleb128 0xb
 331 011c 01       		.uleb128 0x1
 332 011d 50       		.byte	0x50
 333 011e 05       		.uleb128 0x5
 334 011f 03       		.byte	0x3
 335 0120 00000000 		.4byte	Read_Pin_Handler
 336 0124 00       		.byte	0
 337 0125 0A       		.uleb128 0xa
 338 0126 26000000 		.4byte	.LVL3
 339 012a 49020000 		.4byte	0x249
 340 012e 38010000 		.4byte	0x138
 341 0132 0B       		.uleb128 0xb
 342 0133 01       		.uleb128 0x1
 343 0134 50       		.byte	0x50
 344 0135 01       		.uleb128 0x1
 345 0136 30       		.byte	0x30
 346 0137 00       		.byte	0
 347 0138 0A       		.uleb128 0xa
 348 0139 2C000000 		.4byte	.LVL4
 349 013d 54020000 		.4byte	0x254
 350 0141 4B010000 		.4byte	0x14b
 351 0145 0B       		.uleb128 0xb
 352 0146 01       		.uleb128 0x1
 353 0147 50       		.byte	0x50
 354 0148 01       		.uleb128 0x1
 355 0149 30       		.byte	0x30
 356 014a 00       		.byte	0
 357 014b 0A       		.uleb128 0xa
 358 014c 32000000 		.4byte	.LVL5
 359 0150 5F020000 		.4byte	0x25f
 360 0154 5E010000 		.4byte	0x15e
 361 0158 0B       		.uleb128 0xb
 362 0159 01       		.uleb128 0x1
 363 015a 50       		.byte	0x50
 364 015b 01       		.uleb128 0x1
 365 015c 31       		.byte	0x31
 366 015d 00       		.byte	0
 367 015e 0A       		.uleb128 0xa
 368 015f 3A000000 		.4byte	.LVL6
 369 0163 49020000 		.4byte	0x249
ARM GAS  C:\Users\wenzelj\AppData\Local\Temp\ccQ85fBZ.s 			page 9


 370 0167 71010000 		.4byte	0x171
 371 016b 0B       		.uleb128 0xb
 372 016c 01       		.uleb128 0x1
 373 016d 50       		.byte	0x50
 374 016e 01       		.uleb128 0x1
 375 016f 31       		.byte	0x31
 376 0170 00       		.byte	0
 377 0171 0A       		.uleb128 0xa
 378 0172 40000000 		.4byte	.LVL7
 379 0176 54020000 		.4byte	0x254
 380 017a 84010000 		.4byte	0x184
 381 017e 0B       		.uleb128 0xb
 382 017f 01       		.uleb128 0x1
 383 0180 50       		.byte	0x50
 384 0181 01       		.uleb128 0x1
 385 0182 30       		.byte	0x30
 386 0183 00       		.byte	0
 387 0184 0A       		.uleb128 0xa
 388 0185 46000000 		.4byte	.LVL8
 389 0189 5F020000 		.4byte	0x25f
 390 018d 97010000 		.4byte	0x197
 391 0191 0B       		.uleb128 0xb
 392 0192 01       		.uleb128 0x1
 393 0193 50       		.byte	0x50
 394 0194 01       		.uleb128 0x1
 395 0195 30       		.byte	0x30
 396 0196 00       		.byte	0
 397 0197 0A       		.uleb128 0xa
 398 0198 4E000000 		.4byte	.LVL9
 399 019c 49020000 		.4byte	0x249
 400 01a0 AA010000 		.4byte	0x1aa
 401 01a4 0B       		.uleb128 0xb
 402 01a5 01       		.uleb128 0x1
 403 01a6 50       		.byte	0x50
 404 01a7 01       		.uleb128 0x1
 405 01a8 30       		.byte	0x30
 406 01a9 00       		.byte	0
 407 01aa 0A       		.uleb128 0xa
 408 01ab 54000000 		.4byte	.LVL10
 409 01af 54020000 		.4byte	0x254
 410 01b3 BD010000 		.4byte	0x1bd
 411 01b7 0B       		.uleb128 0xb
 412 01b8 01       		.uleb128 0x1
 413 01b9 50       		.byte	0x50
 414 01ba 01       		.uleb128 0x1
 415 01bb 31       		.byte	0x31
 416 01bc 00       		.byte	0
 417 01bd 0A       		.uleb128 0xa
 418 01be 5A000000 		.4byte	.LVL11
 419 01c2 5F020000 		.4byte	0x25f
 420 01c6 D0010000 		.4byte	0x1d0
 421 01ca 0B       		.uleb128 0xb
 422 01cb 01       		.uleb128 0x1
 423 01cc 50       		.byte	0x50
 424 01cd 01       		.uleb128 0x1
 425 01ce 30       		.byte	0x30
 426 01cf 00       		.byte	0
ARM GAS  C:\Users\wenzelj\AppData\Local\Temp\ccQ85fBZ.s 			page 10


 427 01d0 0A       		.uleb128 0xa
 428 01d1 62000000 		.4byte	.LVL12
 429 01d5 49020000 		.4byte	0x249
 430 01d9 E3010000 		.4byte	0x1e3
 431 01dd 0B       		.uleb128 0xb
 432 01de 01       		.uleb128 0x1
 433 01df 50       		.byte	0x50
 434 01e0 01       		.uleb128 0x1
 435 01e1 30       		.byte	0x30
 436 01e2 00       		.byte	0
 437 01e3 0A       		.uleb128 0xa
 438 01e4 68000000 		.4byte	.LVL13
 439 01e8 54020000 		.4byte	0x254
 440 01ec F6010000 		.4byte	0x1f6
 441 01f0 0B       		.uleb128 0xb
 442 01f1 01       		.uleb128 0x1
 443 01f2 50       		.byte	0x50
 444 01f3 01       		.uleb128 0x1
 445 01f4 31       		.byte	0x31
 446 01f5 00       		.byte	0
 447 01f6 0C       		.uleb128 0xc
 448 01f7 6E000000 		.4byte	.LVL14
 449 01fb 5F020000 		.4byte	0x25f
 450 01ff 0B       		.uleb128 0xb
 451 0200 01       		.uleb128 0x1
 452 0201 50       		.byte	0x50
 453 0202 01       		.uleb128 0x1
 454 0203 30       		.byte	0x30
 455 0204 00       		.byte	0
 456 0205 00       		.byte	0
 457 0206 0D       		.uleb128 0xd
 458 0207 3A010000 		.4byte	.LASF20
 459 020b 04       		.byte	0x4
 460 020c 1207     		.2byte	0x712
 461 020e 12020000 		.4byte	0x212
 462 0212 0E       		.uleb128 0xe
 463 0213 76000000 		.4byte	0x76
 464 0217 0F       		.uleb128 0xf
 465 0218 4E010000 		.4byte	.LASF21
 466 021c 01       		.byte	0x1
 467 021d 0D       		.byte	0xd
 468 021e A4000000 		.4byte	0xa4
 469 0222 05       		.uleb128 0x5
 470 0223 03       		.byte	0x3
 471 0224 00000000 		.4byte	systemState
 472 0228 10       		.uleb128 0x10
 473 0229 6B000000 		.4byte	.LASF22
 474 022d 6B000000 		.4byte	.LASF22
 475 0231 05       		.byte	0x5
 476 0232 29       		.byte	0x29
 477 0233 10       		.uleb128 0x10
 478 0234 92010000 		.4byte	.LASF23
 479 0238 92010000 		.4byte	.LASF23
 480 023c 05       		.byte	0x5
 481 023d 2B       		.byte	0x2b
 482 023e 10       		.uleb128 0x10
 483 023f 70010000 		.4byte	.LASF24
ARM GAS  C:\Users\wenzelj\AppData\Local\Temp\ccQ85fBZ.s 			page 11


 484 0243 70010000 		.4byte	.LASF24
 485 0247 06       		.byte	0x6
 486 0248 18       		.byte	0x18
 487 0249 10       		.uleb128 0x10
 488 024a 16020000 		.4byte	.LASF25
 489 024e 16020000 		.4byte	.LASF25
 490 0252 07       		.byte	0x7
 491 0253 26       		.byte	0x26
 492 0254 10       		.uleb128 0x10
 493 0255 5F010000 		.4byte	.LASF26
 494 0259 5F010000 		.4byte	.LASF26
 495 025d 08       		.byte	0x8
 496 025e 26       		.byte	0x26
 497 025f 10       		.uleb128 0x10
 498 0260 24020000 		.4byte	.LASF27
 499 0264 24020000 		.4byte	.LASF27
 500 0268 09       		.byte	0x9
 501 0269 26       		.byte	0x26
 502 026a 00       		.byte	0
 503              		.section	.debug_abbrev,"",%progbits
 504              	.Ldebug_abbrev0:
 505 0000 01       		.uleb128 0x1
 506 0001 11       		.uleb128 0x11
 507 0002 01       		.byte	0x1
 508 0003 25       		.uleb128 0x25
 509 0004 0E       		.uleb128 0xe
 510 0005 13       		.uleb128 0x13
 511 0006 0B       		.uleb128 0xb
 512 0007 03       		.uleb128 0x3
 513 0008 0E       		.uleb128 0xe
 514 0009 1B       		.uleb128 0x1b
 515 000a 0E       		.uleb128 0xe
 516 000b 55       		.uleb128 0x55
 517 000c 17       		.uleb128 0x17
 518 000d 11       		.uleb128 0x11
 519 000e 01       		.uleb128 0x1
 520 000f 10       		.uleb128 0x10
 521 0010 17       		.uleb128 0x17
 522 0011 00       		.byte	0
 523 0012 00       		.byte	0
 524 0013 02       		.uleb128 0x2
 525 0014 24       		.uleb128 0x24
 526 0015 00       		.byte	0
 527 0016 0B       		.uleb128 0xb
 528 0017 0B       		.uleb128 0xb
 529 0018 3E       		.uleb128 0x3e
 530 0019 0B       		.uleb128 0xb
 531 001a 03       		.uleb128 0x3
 532 001b 0E       		.uleb128 0xe
 533 001c 00       		.byte	0
 534 001d 00       		.byte	0
 535 001e 03       		.uleb128 0x3
 536 001f 16       		.uleb128 0x16
 537 0020 00       		.byte	0
 538 0021 03       		.uleb128 0x3
 539 0022 0E       		.uleb128 0xe
 540 0023 3A       		.uleb128 0x3a
ARM GAS  C:\Users\wenzelj\AppData\Local\Temp\ccQ85fBZ.s 			page 12


 541 0024 0B       		.uleb128 0xb
 542 0025 3B       		.uleb128 0x3b
 543 0026 0B       		.uleb128 0xb
 544 0027 49       		.uleb128 0x49
 545 0028 13       		.uleb128 0x13
 546 0029 00       		.byte	0
 547 002a 00       		.byte	0
 548 002b 04       		.uleb128 0x4
 549 002c 24       		.uleb128 0x24
 550 002d 00       		.byte	0
 551 002e 0B       		.uleb128 0xb
 552 002f 0B       		.uleb128 0xb
 553 0030 3E       		.uleb128 0x3e
 554 0031 0B       		.uleb128 0xb
 555 0032 03       		.uleb128 0x3
 556 0033 08       		.uleb128 0x8
 557 0034 00       		.byte	0
 558 0035 00       		.byte	0
 559 0036 05       		.uleb128 0x5
 560 0037 04       		.uleb128 0x4
 561 0038 01       		.byte	0x1
 562 0039 03       		.uleb128 0x3
 563 003a 0E       		.uleb128 0xe
 564 003b 0B       		.uleb128 0xb
 565 003c 0B       		.uleb128 0xb
 566 003d 49       		.uleb128 0x49
 567 003e 13       		.uleb128 0x13
 568 003f 3A       		.uleb128 0x3a
 569 0040 0B       		.uleb128 0xb
 570 0041 3B       		.uleb128 0x3b
 571 0042 0B       		.uleb128 0xb
 572 0043 01       		.uleb128 0x1
 573 0044 13       		.uleb128 0x13
 574 0045 00       		.byte	0
 575 0046 00       		.byte	0
 576 0047 06       		.uleb128 0x6
 577 0048 28       		.uleb128 0x28
 578 0049 00       		.byte	0
 579 004a 03       		.uleb128 0x3
 580 004b 0E       		.uleb128 0xe
 581 004c 1C       		.uleb128 0x1c
 582 004d 0B       		.uleb128 0xb
 583 004e 00       		.byte	0
 584 004f 00       		.byte	0
 585 0050 07       		.uleb128 0x7
 586 0051 2E       		.uleb128 0x2e
 587 0052 01       		.byte	0x1
 588 0053 3F       		.uleb128 0x3f
 589 0054 19       		.uleb128 0x19
 590 0055 03       		.uleb128 0x3
 591 0056 0E       		.uleb128 0xe
 592 0057 3A       		.uleb128 0x3a
 593 0058 0B       		.uleb128 0xb
 594 0059 3B       		.uleb128 0x3b
 595 005a 0B       		.uleb128 0xb
 596 005b 27       		.uleb128 0x27
 597 005c 19       		.uleb128 0x19
ARM GAS  C:\Users\wenzelj\AppData\Local\Temp\ccQ85fBZ.s 			page 13


 598 005d 11       		.uleb128 0x11
 599 005e 01       		.uleb128 0x1
 600 005f 12       		.uleb128 0x12
 601 0060 06       		.uleb128 0x6
 602 0061 40       		.uleb128 0x40
 603 0062 18       		.uleb128 0x18
 604 0063 9742     		.uleb128 0x2117
 605 0065 19       		.uleb128 0x19
 606 0066 01       		.uleb128 0x1
 607 0067 13       		.uleb128 0x13
 608 0068 00       		.byte	0
 609 0069 00       		.byte	0
 610 006a 08       		.uleb128 0x8
 611 006b 898201   		.uleb128 0x4109
 612 006e 00       		.byte	0
 613 006f 11       		.uleb128 0x11
 614 0070 01       		.uleb128 0x1
 615 0071 31       		.uleb128 0x31
 616 0072 13       		.uleb128 0x13
 617 0073 00       		.byte	0
 618 0074 00       		.byte	0
 619 0075 09       		.uleb128 0x9
 620 0076 2E       		.uleb128 0x2e
 621 0077 01       		.byte	0x1
 622 0078 3F       		.uleb128 0x3f
 623 0079 19       		.uleb128 0x19
 624 007a 03       		.uleb128 0x3
 625 007b 0E       		.uleb128 0xe
 626 007c 3A       		.uleb128 0x3a
 627 007d 0B       		.uleb128 0xb
 628 007e 3B       		.uleb128 0x3b
 629 007f 0B       		.uleb128 0xb
 630 0080 27       		.uleb128 0x27
 631 0081 19       		.uleb128 0x19
 632 0082 49       		.uleb128 0x49
 633 0083 13       		.uleb128 0x13
 634 0084 8701     		.uleb128 0x87
 635 0086 19       		.uleb128 0x19
 636 0087 11       		.uleb128 0x11
 637 0088 01       		.uleb128 0x1
 638 0089 12       		.uleb128 0x12
 639 008a 06       		.uleb128 0x6
 640 008b 40       		.uleb128 0x40
 641 008c 18       		.uleb128 0x18
 642 008d 9742     		.uleb128 0x2117
 643 008f 19       		.uleb128 0x19
 644 0090 01       		.uleb128 0x1
 645 0091 13       		.uleb128 0x13
 646 0092 00       		.byte	0
 647 0093 00       		.byte	0
 648 0094 0A       		.uleb128 0xa
 649 0095 898201   		.uleb128 0x4109
 650 0098 01       		.byte	0x1
 651 0099 11       		.uleb128 0x11
 652 009a 01       		.uleb128 0x1
 653 009b 31       		.uleb128 0x31
 654 009c 13       		.uleb128 0x13
ARM GAS  C:\Users\wenzelj\AppData\Local\Temp\ccQ85fBZ.s 			page 14


 655 009d 01       		.uleb128 0x1
 656 009e 13       		.uleb128 0x13
 657 009f 00       		.byte	0
 658 00a0 00       		.byte	0
 659 00a1 0B       		.uleb128 0xb
 660 00a2 8A8201   		.uleb128 0x410a
 661 00a5 00       		.byte	0
 662 00a6 02       		.uleb128 0x2
 663 00a7 18       		.uleb128 0x18
 664 00a8 9142     		.uleb128 0x2111
 665 00aa 18       		.uleb128 0x18
 666 00ab 00       		.byte	0
 667 00ac 00       		.byte	0
 668 00ad 0C       		.uleb128 0xc
 669 00ae 898201   		.uleb128 0x4109
 670 00b1 01       		.byte	0x1
 671 00b2 11       		.uleb128 0x11
 672 00b3 01       		.uleb128 0x1
 673 00b4 31       		.uleb128 0x31
 674 00b5 13       		.uleb128 0x13
 675 00b6 00       		.byte	0
 676 00b7 00       		.byte	0
 677 00b8 0D       		.uleb128 0xd
 678 00b9 34       		.uleb128 0x34
 679 00ba 00       		.byte	0
 680 00bb 03       		.uleb128 0x3
 681 00bc 0E       		.uleb128 0xe
 682 00bd 3A       		.uleb128 0x3a
 683 00be 0B       		.uleb128 0xb
 684 00bf 3B       		.uleb128 0x3b
 685 00c0 05       		.uleb128 0x5
 686 00c1 49       		.uleb128 0x49
 687 00c2 13       		.uleb128 0x13
 688 00c3 3F       		.uleb128 0x3f
 689 00c4 19       		.uleb128 0x19
 690 00c5 3C       		.uleb128 0x3c
 691 00c6 19       		.uleb128 0x19
 692 00c7 00       		.byte	0
 693 00c8 00       		.byte	0
 694 00c9 0E       		.uleb128 0xe
 695 00ca 35       		.uleb128 0x35
 696 00cb 00       		.byte	0
 697 00cc 49       		.uleb128 0x49
 698 00cd 13       		.uleb128 0x13
 699 00ce 00       		.byte	0
 700 00cf 00       		.byte	0
 701 00d0 0F       		.uleb128 0xf
 702 00d1 34       		.uleb128 0x34
 703 00d2 00       		.byte	0
 704 00d3 03       		.uleb128 0x3
 705 00d4 0E       		.uleb128 0xe
 706 00d5 3A       		.uleb128 0x3a
 707 00d6 0B       		.uleb128 0xb
 708 00d7 3B       		.uleb128 0x3b
 709 00d8 0B       		.uleb128 0xb
 710 00d9 49       		.uleb128 0x49
 711 00da 13       		.uleb128 0x13
ARM GAS  C:\Users\wenzelj\AppData\Local\Temp\ccQ85fBZ.s 			page 15


 712 00db 3F       		.uleb128 0x3f
 713 00dc 19       		.uleb128 0x19
 714 00dd 02       		.uleb128 0x2
 715 00de 18       		.uleb128 0x18
 716 00df 00       		.byte	0
 717 00e0 00       		.byte	0
 718 00e1 10       		.uleb128 0x10
 719 00e2 2E       		.uleb128 0x2e
 720 00e3 00       		.byte	0
 721 00e4 3F       		.uleb128 0x3f
 722 00e5 19       		.uleb128 0x19
 723 00e6 3C       		.uleb128 0x3c
 724 00e7 19       		.uleb128 0x19
 725 00e8 6E       		.uleb128 0x6e
 726 00e9 0E       		.uleb128 0xe
 727 00ea 03       		.uleb128 0x3
 728 00eb 0E       		.uleb128 0xe
 729 00ec 3A       		.uleb128 0x3a
 730 00ed 0B       		.uleb128 0xb
 731 00ee 3B       		.uleb128 0x3b
 732 00ef 0B       		.uleb128 0xb
 733 00f0 00       		.byte	0
 734 00f1 00       		.byte	0
 735 00f2 00       		.byte	0
 736              		.section	.debug_aranges,"",%progbits
 737 0000 24000000 		.4byte	0x24
 738 0004 0200     		.2byte	0x2
 739 0006 00000000 		.4byte	.Ldebug_info0
 740 000a 04       		.byte	0x4
 741 000b 00       		.byte	0
 742 000c 0000     		.2byte	0
 743 000e 0000     		.2byte	0
 744 0010 00000000 		.4byte	.LFB63
 745 0014 30000000 		.4byte	.LFE63-.LFB63
 746 0018 00000000 		.4byte	.LFB64
 747 001c 78000000 		.4byte	.LFE64-.LFB64
 748 0020 00000000 		.4byte	0
 749 0024 00000000 		.4byte	0
 750              		.section	.debug_ranges,"",%progbits
 751              	.Ldebug_ranges0:
 752 0000 00000000 		.4byte	.LFB63
 753 0004 30000000 		.4byte	.LFE63
 754 0008 00000000 		.4byte	.LFB64
 755 000c 78000000 		.4byte	.LFE64
 756 0010 00000000 		.4byte	0
 757 0014 00000000 		.4byte	0
 758              		.section	.debug_line,"",%progbits
 759              	.Ldebug_line0:
 760 0000 CE010000 		.section	.debug_str,"MS",%progbits,1
 760      02008B01 
 760      00000201 
 760      FB0E0D00 
 760      01010101 
 761              	.LASF31:
 762 0000 73746174 		.ascii	"state\000"
 762      6500
 763              	.LASF9:
ARM GAS  C:\Users\wenzelj\AppData\Local\Temp\ccQ85fBZ.s 			page 16


 764 0006 5F5F696E 		.ascii	"__int32_t\000"
 764      7433325F 
 764      7400
 765              	.LASF16:
 766 0010 69646C65 		.ascii	"idle\000"
 766      00
 767              	.LASF19:
 768 0015 62757379 		.ascii	"busy_low\000"
 768      5F6C6F77 
 768      00
 769              	.LASF11:
 770 001e 666C6F61 		.ascii	"float\000"
 770      7400
 771              	.LASF30:
 772 0024 443A5C4D 		.ascii	"D:\\MyDocs\\Documents\\PSoC Creator\\Network_Projec"
 772      79446F63 
 772      735C446F 
 772      63756D65 
 772      6E74735C 
 773 0053 745C4368 		.ascii	"t\\Channel_Monitor.cydsn\000"
 773      616E6E65 
 773      6C5F4D6F 
 773      6E69746F 
 773      722E6379 
 774              	.LASF22:
 775 006b 52656164 		.ascii	"Read_Pin_Read\000"
 775      5F50696E 
 775      5F526561 
 775      6400
 776              	.LASF1:
 777 0079 756E7369 		.ascii	"unsigned char\000"
 777      676E6564 
 777      20636861 
 777      7200
 778              	.LASF28:
 779 0087 474E5520 		.ascii	"GNU C11 5.4.1 20160609 (release) [ARM/embedded-5-br"
 779      43313120 
 779      352E342E 
 779      31203230 
 779      31363036 
 780 00ba 616E6368 		.ascii	"anch revision 237715] -mcpu=cortex-m3 -mthumb -g -O"
 780      20726576 
 780      6973696F 
 780      6E203233 
 780      37373135 
 781 00ed 67202D66 		.ascii	"g -ffunction-sections -ffat-lto-objects\000"
 781      66756E63 
 781      74696F6E 
 781      2D736563 
 781      74696F6E 
 782              	.LASF5:
 783 0115 6C6F6E67 		.ascii	"long unsigned int\000"
 783      20756E73 
 783      69676E65 
 783      6420696E 
 783      7400
 784              	.LASF3:
ARM GAS  C:\Users\wenzelj\AppData\Local\Temp\ccQ85fBZ.s 			page 17


 785 0127 73686F72 		.ascii	"short unsigned int\000"
 785      7420756E 
 785      7369676E 
 785      65642069 
 785      6E7400
 786              	.LASF20:
 787 013a 49544D5F 		.ascii	"ITM_RxBuffer\000"
 787      52784275 
 787      66666572 
 787      00
 788              	.LASF12:
 789 0147 646F7562 		.ascii	"double\000"
 789      6C6500
 790              	.LASF21:
 791 014e 73797374 		.ascii	"systemState\000"
 791      656D5374 
 791      61746500 
 792              	.LASF33:
 793 015a 6D61696E 		.ascii	"main\000"
 793      00
 794              	.LASF26:
 795 015f 4C45445F 		.ascii	"LED_Yellow_Write\000"
 795      59656C6C 
 795      6F775F57 
 795      72697465 
 795      00
 796              	.LASF24:
 797 0170 52656164 		.ascii	"Read_Pin_ISR_StartEx\000"
 797      5F50696E 
 797      5F495352 
 797      5F537461 
 797      72744578 
 798              	.LASF8:
 799 0185 756E7369 		.ascii	"unsigned int\000"
 799      676E6564 
 799      20696E74 
 799      00
 800              	.LASF23:
 801 0192 52656164 		.ascii	"Read_Pin_ClearInterrupt\000"
 801      5F50696E 
 801      5F436C65 
 801      6172496E 
 801      74657272 
 802              	.LASF7:
 803 01aa 6C6F6E67 		.ascii	"long long unsigned int\000"
 803      206C6F6E 
 803      6720756E 
 803      7369676E 
 803      65642069 
 804              	.LASF10:
 805 01c1 696E7433 		.ascii	"int32_t\000"
 805      325F7400 
 806              	.LASF14:
 807 01c9 73697A65 		.ascii	"sizetype\000"
 807      74797065 
 807      00
 808              	.LASF17:
ARM GAS  C:\Users\wenzelj\AppData\Local\Temp\ccQ85fBZ.s 			page 18


 809 01d2 636F6C6C 		.ascii	"collision\000"
 809      6973696F 
 809      6E00
 810              	.LASF6:
 811 01dc 6C6F6E67 		.ascii	"long long int\000"
 811      206C6F6E 
 811      6720696E 
 811      7400
 812              	.LASF29:
 813 01ea 6D61696E 		.ascii	"main.c\000"
 813      2E6300
 814              	.LASF18:
 815 01f1 62757379 		.ascii	"busy_high\000"
 815      5F686967 
 815      6800
 816              	.LASF32:
 817 01fb 52656164 		.ascii	"Read_Pin_Handler\000"
 817      5F50696E 
 817      5F48616E 
 817      646C6572 
 817      00
 818              	.LASF2:
 819 020c 73686F72 		.ascii	"short int\000"
 819      7420696E 
 819      7400
 820              	.LASF25:
 821 0216 4C45445F 		.ascii	"LED_Red_Write\000"
 821      5265645F 
 821      57726974 
 821      6500
 822              	.LASF27:
 823 0224 4C45445F 		.ascii	"LED_Green_Write\000"
 823      47726565 
 823      6E5F5772 
 823      69746500 
 824              	.LASF4:
 825 0234 6C6F6E67 		.ascii	"long int\000"
 825      20696E74 
 825      00
 826              	.LASF13:
 827 023d 63686172 		.ascii	"char\000"
 827      00
 828              	.LASF15:
 829 0242 6C6F6E67 		.ascii	"long double\000"
 829      20646F75 
 829      626C6500 
 830              	.LASF0:
 831 024e 7369676E 		.ascii	"signed char\000"
 831      65642063 
 831      68617200 
 832              		.ident	"GCC: (GNU Tools for ARM Embedded Processors) 5.4.1 20160609 (release) [ARM/embedded-5-bran
